train_step 0 batch loss_d {'emo_loss': 0.73732555} batch metric_d {'emo_acc': 0.40625}
  dev set: metric_d {'emo_acc': 0.75} loss_d {'emo_loss': 0.6931471824645996} global_e_acc 0.525096525096525
    best_acc: 0.750000, best_acc_steps: 0
    best_loss: 0.693147, best_loss_steps: 0
  test set: metric_d {'emo_acc': 0.75} loss_d {'emo_loss': 0.6931471824645996} global_e_acc 0.525096525096525
  Duration: 160.813755
train_step 5 batch loss_d {'emo_loss': 0.6931472} batch metric_d {'emo_acc': 0.75}
train_step 10 batch loss_d {'emo_loss': 0.6931472} batch metric_d {'emo_acc': 0.8125}
train_step 15 batch loss_d {'emo_loss': 0.6931472} batch metric_d {'emo_acc': 0.4375}
train_step 20 batch loss_d {'emo_loss': 0.6931472} batch metric_d {'emo_acc': 0.8125}
train_step 25 batch loss_d {'emo_loss': 0.6931472} batch metric_d {'emo_acc': 0.71875}
train_step 30 batch loss_d {'emo_loss': 0.6931472} batch metric_d {'emo_acc': 0.71875}
train_step 35 batch loss_d {'emo_loss': 0.6931472} batch metric_d {'emo_acc': 0.59375}
train_step 40 batch loss_d {'emo_loss': 0.6931472} batch metric_d {'emo_acc': 0.71875}
train_step 45 batch loss_d {'emo_loss': 0.6931472} batch metric_d {'emo_acc': 0.71875}
train_step 50 batch loss_d {'emo_loss': 0.6931472} batch metric_d {'emo_acc': 0.75}
train_step 55 batch loss_d {'emo_loss': 0.6931472} batch metric_d {'emo_acc': 0.71875}
train_step 60 batch loss_d {'emo_loss': 0.6931472} batch metric_d {'emo_acc': 0.75}
train_step 65 batch loss_d {'emo_loss': 0.6931472} batch metric_d {'emo_acc': 0.75}
train_step 70 batch loss_d {'emo_loss': 0.6931472} batch metric_d {'emo_acc': 0.78125}
train_step 75 batch loss_d {'emo_loss': 0.6931472} batch metric_d {'emo_acc': 0.65625}
train_step 80 batch loss_d {'emo_loss': 0.6931472} batch metric_d {'emo_acc': 0.5625}
train_step 85 batch loss_d {'emo_loss': 0.6931472} batch metric_d {'emo_acc': 0.71875}
train_step 90 batch loss_d {'emo_loss': 0.6931472} batch metric_d {'emo_acc': 0.6875}
train_step 95 batch loss_d {'emo_loss': 0.6931472} batch metric_d {'emo_acc': 0.71875}
train_step 100 batch loss_d {'emo_loss': 0.6931472} batch metric_d {'emo_acc': 0.6875}
train_step 105 batch loss_d {'emo_loss': 0.6931472} batch metric_d {'emo_acc': 0.75}
train_step 110 batch loss_d {'emo_loss': 0.6931472} batch metric_d {'emo_acc': 0.8125}
train_step 115 batch loss_d {'emo_loss': 0.6931472} batch metric_d {'emo_acc': 0.8125}
train_step 120 batch loss_d {'emo_loss': 0.6931472} batch metric_d {'emo_acc': 0.71875}
train_step 125 batch loss_d {'emo_loss': 0.6931472} batch metric_d {'emo_acc': 0.90625}
train_step 130 batch loss_d {'emo_loss': 0.6931472} batch metric_d {'emo_acc': 0.9375}
train_step 135 batch loss_d {'emo_loss': 0.6931472} batch metric_d {'emo_acc': 0.6875}
train_step 140 batch loss_d {'emo_loss': 0.6931472} batch metric_d {'emo_acc': 0.75}
train_step 145 batch loss_d {'emo_loss': 0.6931472} batch metric_d {'emo_acc': 0.78125}
train_step 150 batch loss_d {'emo_loss': 0.6931472} batch metric_d {'emo_acc': 0.71875}
train_step 155 batch loss_d {'emo_loss': 0.6931472} batch metric_d {'emo_acc': 0.75}
train_step 160 batch loss_d {'emo_loss': 0.6931472} batch metric_d {'emo_acc': 0.65625}
train_step 165 batch loss_d {'emo_loss': 0.6931472} batch metric_d {'emo_acc': 0.71875}
train_step 170 batch loss_d {'emo_loss': 0.6931472} batch metric_d {'emo_acc': 0.59375}
train_step 175 batch loss_d {'emo_loss': 0.6931472} batch metric_d {'emo_acc': 0.78125}
train_step 180 batch loss_d {'emo_loss': 0.6931472} batch metric_d {'emo_acc': 0.875}
train_step 185 batch loss_d {'emo_loss': 0.6931472} batch metric_d {'emo_acc': 0.75}
train_step 190 batch loss_d {'emo_loss': 0.6931472} batch metric_d {'emo_acc': 0.75}
train_step 195 batch loss_d {'emo_loss': 0.6931472} batch metric_d {'emo_acc': 0.6875}
train_step 200 batch loss_d {'emo_loss': 0.6931472} batch metric_d {'emo_acc': 0.8125}
train_step 205 batch loss_d {'emo_loss': 0.6931472} batch metric_d {'emo_acc': 0.75}
train_step 210 batch loss_d {'emo_loss': 0.6931472} batch metric_d {'emo_acc': 0.75}
train_step 215 batch loss_d {'emo_loss': 0.6931472} batch metric_d {'emo_acc': 0.65625}
train_step 220 batch loss_d {'emo_loss': 0.6931472} batch metric_d {'emo_acc': 0.71875}
train_step 225 batch loss_d {'emo_loss': 0.6931472} batch metric_d {'emo_acc': 0.625}
train_step 230 batch loss_d {'emo_loss': 0.6931472} batch metric_d {'emo_acc': 0.75}
train_step 235 batch loss_d {'emo_loss': 0.6931472} batch metric_d {'emo_acc': 0.8125}
train_step 240 batch loss_d {'emo_loss': 0.6931472} batch metric_d {'emo_acc': 0.78125}
train_step 245 batch loss_d {'emo_loss': 0.6931472} batch metric_d {'emo_acc': 0.59375}
train_step 250 batch loss_d {'emo_loss': 0.6931472} batch metric_d {'emo_acc': 0.5625}
train_step 255 batch loss_d {'emo_loss': 0.6931472} batch metric_d {'emo_acc': 0.75}
train_step 260 batch loss_d {'emo_loss': 0.6931472} batch metric_d {'emo_acc': 0.84375}
train_step 265 batch loss_d {'emo_loss': 0.6931472} batch metric_d {'emo_acc': 0.65625}
train_step 270 batch loss_d {'emo_loss': 0.6931472} batch metric_d {'emo_acc': 0.75}
train_step 275 batch loss_d {'emo_loss': 0.6931472} batch metric_d {'emo_acc': 0.75}
train_step 280 batch loss_d {'emo_loss': 0.6931472} batch metric_d {'emo_acc': 0.6875}
train_step 285 batch loss_d {'emo_loss': 0.6931472} batch metric_d {'emo_acc': 0.59375}
train_step 290 batch loss_d {'emo_loss': 0.6931472} batch metric_d {'emo_acc': 0.8125}
train_step 295 batch loss_d {'emo_loss': 0.6931472} batch metric_d {'emo_acc': 0.78125}
train_step 300 batch loss_d {'emo_loss': 0.6931472} batch metric_d {'emo_acc': 0.6875}
train_step 305 batch loss_d {'emo_loss': 0.6931472} batch metric_d {'emo_acc': 0.625}
train_step 310 batch loss_d {'emo_loss': 0.6931472} batch metric_d {'emo_acc': 0.78125}
train_step 315 batch loss_d {'emo_loss': 0.6931472} batch metric_d {'emo_acc': 0.625}
train_step 320 batch loss_d {'emo_loss': 0.6931472} batch metric_d {'emo_acc': 0.65625}
train_step 325 batch loss_d {'emo_loss': 0.6931472} batch metric_d {'emo_acc': 0.71875}
train_step 330 batch loss_d {'emo_loss': 0.6931472} batch metric_d {'emo_acc': 0.75}
train_step 335 batch loss_d {'emo_loss': 0.6931472} batch metric_d {'emo_acc': 0.71875}
train_step 340 batch loss_d {'emo_loss': 0.6931472} batch metric_d {'emo_acc': 0.875}
train_step 345 batch loss_d {'emo_loss': 0.6931472} batch metric_d {'emo_acc': 0.84375}
train_step 350 batch loss_d {'emo_loss': 0.6931472} batch metric_d {'emo_acc': 0.78125}
train_step 355 batch loss_d {'emo_loss': 0.6931472} batch metric_d {'emo_acc': 0.75}
train_step 360 batch loss_d {'emo_loss': 0.6931472} batch metric_d {'emo_acc': 0.8125}
train_step 365 batch loss_d {'emo_loss': 0.6931472} batch metric_d {'emo_acc': 0.5}
train_step 370 batch loss_d {'emo_loss': 0.6931472} batch metric_d {'emo_acc': 0.78125}
train_step 375 batch loss_d {'emo_loss': 0.6931472} batch metric_d {'emo_acc': 0.71875}
train_step 380 batch loss_d {'emo_loss': 0.6931472} batch metric_d {'emo_acc': 0.65625}
train_step 385 batch loss_d {'emo_loss': 0.6931472} batch metric_d {'emo_acc': 0.84375}
train_step 390 batch loss_d {'emo_loss': 0.6931472} batch metric_d {'emo_acc': 0.65625}
train_step 395 batch loss_d {'emo_loss': 0.6931472} batch metric_d {'emo_acc': 0.6875}
train_step 400 batch loss_d {'emo_loss': 0.6931472} batch metric_d {'emo_acc': 0.75}
train_step 405 batch loss_d {'emo_loss': 0.6931472} batch metric_d {'emo_acc': 0.71875}
train_step 410 batch loss_d {'emo_loss': 0.6931472} batch metric_d {'emo_acc': 0.78125}
train_step 415 batch loss_d {'emo_loss': 0.6931472} batch metric_d {'emo_acc': 0.8125}
train_step 420 batch loss_d {'emo_loss': 0.6931472} batch metric_d {'emo_acc': 0.65625}
train_step 425 batch loss_d {'emo_loss': 0.6931472} batch metric_d {'emo_acc': 0.6875}
train_step 430 batch loss_d {'emo_loss': 0.6931472} batch metric_d {'emo_acc': 0.84375}
train_step 435 batch loss_d {'emo_loss': 0.6931472} batch metric_d {'emo_acc': 0.75}
train_step 440 batch loss_d {'emo_loss': 0.6931472} batch metric_d {'emo_acc': 0.65625}
train_step 445 batch loss_d {'emo_loss': 0.6931472} batch metric_d {'emo_acc': 0.71875}
train_step 450 batch loss_d {'emo_loss': 0.6931472} batch metric_d {'emo_acc': 0.84375}
train_step 455 batch loss_d {'emo_loss': 0.6931472} batch metric_d {'emo_acc': 0.78125}
train_step 460 batch loss_d {'emo_loss': 0.6931472} batch metric_d {'emo_acc': 0.65625}
train_step 465 batch loss_d {'emo_loss': 0.6931472} batch metric_d {'emo_acc': 0.65625}
train_step 470 batch loss_d {'emo_loss': 0.6931472} batch metric_d {'emo_acc': 0.53125}
train_step 475 batch loss_d {'emo_loss': 0.6931472} batch metric_d {'emo_acc': 0.65625}
train_step 480 batch loss_d {'emo_loss': 0.6931472} batch metric_d {'emo_acc': 0.6875}
train_step 485 batch loss_d {'emo_loss': 0.6931472} batch metric_d {'emo_acc': 0.84375}
train_step 490 batch loss_d {'emo_loss': 0.6931472} batch metric_d {'emo_acc': 0.6875}
train_step 495 batch loss_d {'emo_loss': 0.6931472} batch metric_d {'emo_acc': 0.6875}
train_step 500 batch loss_d {'emo_loss': 0.6931472} batch metric_d {'emo_acc': 0.5625}
train_step 505 batch loss_d {'emo_loss': 0.6931472} batch metric_d {'emo_acc': 0.625}
train_step 510 batch loss_d {'emo_loss': 0.6931472} batch metric_d {'emo_acc': 0.6875}
train_step 515 batch loss_d {'emo_loss': 0.6931472} batch metric_d {'emo_acc': 0.71875}
train_step 520 batch loss_d {'emo_loss': 0.6931472} batch metric_d {'emo_acc': 0.65625}
train_step 525 batch loss_d {'emo_loss': 0.6931472} batch metric_d {'emo_acc': 0.625}
train_step 530 batch loss_d {'emo_loss': 0.6931472} batch metric_d {'emo_acc': 0.75}
train_step 535 batch loss_d {'emo_loss': 0.6931472} batch metric_d {'emo_acc': 0.71875}
train_step 540 batch loss_d {'emo_loss': 0.6931472} batch metric_d {'emo_acc': 0.8125}
train_step 545 batch loss_d {'emo_loss': 0.6931472} batch metric_d {'emo_acc': 0.71875}
train_step 550 batch loss_d {'emo_loss': 0.6931472} batch metric_d {'emo_acc': 0.8125}
train_step 555 batch loss_d {'emo_loss': 0.6931472} batch metric_d {'emo_acc': 0.65625}
train_step 560 batch loss_d {'emo_loss': 0.6931472} batch metric_d {'emo_acc': 0.65625}
train_step 565 batch loss_d {'emo_loss': 0.6931472} batch metric_d {'emo_acc': 0.59375}
train_step 570 batch loss_d {'emo_loss': 0.6931472} batch metric_d {'emo_acc': 0.8125}
train_step 575 batch loss_d {'emo_loss': 0.6931472} batch metric_d {'emo_acc': 0.71875}
train_step 580 batch loss_d {'emo_loss': 0.6931472} batch metric_d {'emo_acc': 0.71875}
train_step 585 batch loss_d {'emo_loss': 0.6931472} batch metric_d {'emo_acc': 0.8125}
train_step 590 batch loss_d {'emo_loss': 0.6931472} batch metric_d {'emo_acc': 0.71875}
train_step 595 batch loss_d {'emo_loss': 0.6931472} batch metric_d {'emo_acc': 0.71875}
train_step 600 batch loss_d {'emo_loss': 0.6931472} batch metric_d {'emo_acc': 0.78125}
train_step 605 batch loss_d {'emo_loss': 0.6931472} batch metric_d {'emo_acc': 0.6875}
train_step 610 batch loss_d {'emo_loss': 0.6931472} batch metric_d {'emo_acc': 0.75}
train_step 615 batch loss_d {'emo_loss': 0.6931472} batch metric_d {'emo_acc': 0.84375}
train_step 620 batch loss_d {'emo_loss': 0.6931472} batch metric_d {'emo_acc': 0.8125}
train_step 625 batch loss_d {'emo_loss': 0.6931472} batch metric_d {'emo_acc': 0.75}
train_step 630 batch loss_d {'emo_loss': 0.69567454} batch metric_d {'emo_acc': 0.78125}
train_step 635 batch loss_d {'emo_loss': 0.6931472} batch metric_d {'emo_acc': 0.6875}
train_step 640 batch loss_d {'emo_loss': 0.6931472} batch metric_d {'emo_acc': 0.65625}
train_step 645 batch loss_d {'emo_loss': 0.6931472} batch metric_d {'emo_acc': 0.71875}
train_step 650 batch loss_d {'emo_loss': 0.6931472} batch metric_d {'emo_acc': 0.75}
train_step 655 batch loss_d {'emo_loss': 0.6931472} batch metric_d {'emo_acc': 0.84375}
train_step 660 batch loss_d {'emo_loss': 0.6931472} batch metric_d {'emo_acc': 0.6875}
train_step 665 batch loss_d {'emo_loss': 0.6931472} batch metric_d {'emo_acc': 0.6875}
train_step 670 batch loss_d {'emo_loss': 0.6931472} batch metric_d {'emo_acc': 0.6875}
train_step 675 batch loss_d {'emo_loss': 0.6931472} batch metric_d {'emo_acc': 0.75}
train_step 680 batch loss_d {'emo_loss': 0.6931472} batch metric_d {'emo_acc': 0.65625}
train_step 685 batch loss_d {'emo_loss': 0.6931472} batch metric_d {'emo_acc': 0.8125}
train_step 690 batch loss_d {'emo_loss': 0.6931472} batch metric_d {'emo_acc': 0.65625}
train_step 695 batch loss_d {'emo_loss': 0.6931472} batch metric_d {'emo_acc': 0.75}
train_step 700 batch loss_d {'emo_loss': 0.6931472} batch metric_d {'emo_acc': 0.46875}
train_step 705 batch loss_d {'emo_loss': 0.6931472} batch metric_d {'emo_acc': 0.6875}
train_step 710 batch loss_d {'emo_loss': 0.6931472} batch metric_d {'emo_acc': 0.65625}
train_step 715 batch loss_d {'emo_loss': 0.6931472} batch metric_d {'emo_acc': 0.78125}
train_step 720 batch loss_d {'emo_loss': 0.6931472} batch metric_d {'emo_acc': 0.6875}
train_step 725 batch loss_d {'emo_loss': 0.6931472} batch metric_d {'emo_acc': 0.8125}
train_step 730 batch loss_d {'emo_loss': 0.6931472} batch metric_d {'emo_acc': 0.6875}
train_step 735 batch loss_d {'emo_loss': 0.6931472} batch metric_d {'emo_acc': 0.5625}
train_step 740 batch loss_d {'emo_loss': 0.6931472} batch metric_d {'emo_acc': 0.65625}
train_step 745 batch loss_d {'emo_loss': 0.6931472} batch metric_d {'emo_acc': 0.875}
train_step 750 batch loss_d {'emo_loss': 0.6931472} batch metric_d {'emo_acc': 0.59375}
train_step 755 batch loss_d {'emo_loss': 0.6931472} batch metric_d {'emo_acc': 0.65625}
train_step 760 batch loss_d {'emo_loss': 0.6931472} batch metric_d {'emo_acc': 0.71875}
train_step 765 batch loss_d {'emo_loss': 0.6931472} batch metric_d {'emo_acc': 0.8125}
train_step 770 batch loss_d {'emo_loss': 0.6931472} batch metric_d {'emo_acc': 0.78125}
train_step 775 batch loss_d {'emo_loss': 0.6931472} batch metric_d {'emo_acc': 0.625}
train_step 780 batch loss_d {'emo_loss': 0.6931472} batch metric_d {'emo_acc': 0.78125}
train_step 785 batch loss_d {'emo_loss': 0.6931472} batch metric_d {'emo_acc': 0.8125}
train_step 790 batch loss_d {'emo_loss': 0.6931472} batch metric_d {'emo_acc': 0.75}
train_step 795 batch loss_d {'emo_loss': 0.6931472} batch metric_d {'emo_acc': 0.78125}
train_step 800 batch loss_d {'emo_loss': 0.6931472} batch metric_d {'emo_acc': 0.84375}
train_step 805 batch loss_d {'emo_loss': 0.6931472} batch metric_d {'emo_acc': 0.65625}
train_step 810 batch loss_d {'emo_loss': 0.6931472} batch metric_d {'emo_acc': 0.71875}
train_step 815 batch loss_d {'emo_loss': 0.6931472} batch metric_d {'emo_acc': 0.78125}
train_step 820 batch loss_d {'emo_loss': 0.6931472} batch metric_d {'emo_acc': 0.75}
train_step 825 batch loss_d {'emo_loss': 0.6931472} batch metric_d {'emo_acc': 0.78125}
train_step 830 batch loss_d {'emo_loss': 0.6931472} batch metric_d {'emo_acc': 0.6875}
train_step 835 batch loss_d {'emo_loss': 0.6931472} batch metric_d {'emo_acc': 0.6875}
train_step 840 batch loss_d {'emo_loss': 0.6931472} batch metric_d {'emo_acc': 0.625}
train_step 845 batch loss_d {'emo_loss': 0.6931472} batch metric_d {'emo_acc': 0.5625}
train_step 850 batch loss_d {'emo_loss': 0.6931472} batch metric_d {'emo_acc': 0.78125}
train_step 855 batch loss_d {'emo_loss': 0.6931472} batch metric_d {'emo_acc': 0.71875}
train_step 860 batch loss_d {'emo_loss': 0.6931472} batch metric_d {'emo_acc': 0.71875}
train_step 865 batch loss_d {'emo_loss': 0.6931472} batch metric_d {'emo_acc': 0.6875}
train_step 870 batch loss_d {'emo_loss': 0.6931472} batch metric_d {'emo_acc': 0.6875}
train_step 875 batch loss_d {'emo_loss': 0.6931472} batch metric_d {'emo_acc': 0.78125}
train_step 880 batch loss_d {'emo_loss': 0.6931472} batch metric_d {'emo_acc': 0.65625}
train_step 885 batch loss_d {'emo_loss': 0.6931472} batch metric_d {'emo_acc': 0.75}
train_step 890 batch loss_d {'emo_loss': 0.6931472} batch metric_d {'emo_acc': 0.71875}
train_step 895 batch loss_d {'emo_loss': 0.6931472} batch metric_d {'emo_acc': 0.84375}
train_step 900 batch loss_d {'emo_loss': 0.6931472} batch metric_d {'emo_acc': 0.6875}
train_step 905 batch loss_d {'emo_loss': 0.6931472} batch metric_d {'emo_acc': 0.8125}
train_step 910 batch loss_d {'emo_loss': 0.6931472} batch metric_d {'emo_acc': 0.8125}
train_step 915 batch loss_d {'emo_loss': 0.6931472} batch metric_d {'emo_acc': 0.6875}
train_step 920 batch loss_d {'emo_loss': 0.6931472} batch metric_d