train_step 0 batch loss_d {'emo_loss': 0.8417853} batch metric_d {'emo_acc': 0.3125} positive sum 7.0
train_step 5 batch loss_d {'emo_loss': 0.5412114} batch metric_d {'emo_acc': 0.75} positive sum 7.0
train_step 10 batch loss_d {'emo_loss': 0.59206015} batch metric_d {'emo_acc': 0.75} positive sum 8.0
train_step 15 batch loss_d {'emo_loss': 0.5105336} batch metric_d {'emo_acc': 0.8125} positive sum 6.0
train_step 20 batch loss_d {'emo_loss': 0.4770015} batch metric_d {'emo_acc': 0.84375} positive sum 5.0
train_step 25 batch loss_d {'emo_loss': 0.6968102} batch metric_d {'emo_acc': 0.59375} positive sum 12.0
train_step 30 batch loss_d {'emo_loss': 0.54754066} batch metric_d {'emo_acc': 0.78125} positive sum 7.0
train_step 35 batch loss_d {'emo_loss': 0.62946486} batch metric_d {'emo_acc': 0.71875} positive sum 9.0
train_step 40 batch loss_d {'emo_loss': 0.61021036} batch metric_d {'emo_acc': 0.71875} positive sum 9.0
train_step 45 batch loss_d {'emo_loss': 0.66150343} batch metric_d {'emo_acc': 0.6875} positive sum 10.0
train_step 50 batch loss_d {'emo_loss': 0.54636115} batch metric_d {'emo_acc': 0.78125} positive sum 7.0
train_step 55 batch loss_d {'emo_loss': 0.5402401} batch metric_d {'emo_acc': 0.84375} positive sum 5.0
train_step 60 batch loss_d {'emo_loss': 0.69891596} batch metric_d {'emo_acc': 0.65625} positive sum 10.0
train_step 65 batch loss_d {'emo_loss': 0.57444113} batch metric_d {'emo_acc': 0.71875} positive sum 9.0
train_step 70 batch loss_d {'emo_loss': 0.6591496} batch metric_d {'emo_acc': 0.71875} positive sum 9.0
train_step 75 batch loss_d {'emo_loss': 0.69314873} batch metric_d {'emo_acc': 0.59375} positive sum 13.0
train_step 80 batch loss_d {'emo_loss': 0.5357437} batch metric_d {'emo_acc': 0.8125} positive sum 6.0
train_step 85 batch loss_d {'emo_loss': 0.7671255} batch metric_d {'emo_acc': 0.625} positive sum 12.0
train_step 90 batch loss_d {'emo_loss': 0.48195788} batch metric_d {'emo_acc': 0.8125} positive sum 6.0
train_step 95 batch loss_d {'emo_loss': 0.5966481} batch metric_d {'emo_acc': 0.75} positive sum 8.0
train_step 100 batch loss_d {'emo_loss': 0.5710056} batch metric_d {'emo_acc': 0.78125} positive sum 7.0
train_step 105 batch loss_d {'emo_loss': 0.5928287} batch metric_d {'emo_acc': 0.75} positive sum 8.0
train_step 110 batch loss_d {'emo_loss': 0.67631686} batch metric_d {'emo_acc': 0.6875} positive sum 10.0
train_step 115 batch loss_d {'emo_loss': 0.546963} batch metric_d {'emo_acc': 0.75} positive sum 8.0
train_step 120 batch loss_d {'emo_loss': 0.7599728} batch metric_d {'emo_acc': 0.65625} positive sum 11.0
train_step 125 batch loss_d {'emo_loss': 0.4962948} batch metric_d {'emo_acc': 0.8125} positive sum 6.0
train_step 130 batch loss_d {'emo_loss': 0.5558212} batch metric_d {'emo_acc': 0.78125} positive sum 7.0
train_step 135 batch loss_d {'emo_loss': 0.6396597} batch metric_d {'emo_acc': 0.6875} positive sum 10.0
train_step 140 batch loss_d {'emo_loss': 0.72388434} batch metric_d {'emo_acc': 0.625} positive sum 12.0
train_step 145 batch loss_d {'emo_loss': 0.62048554} batch metric_d {'emo_acc': 0.6875} positive sum 10.0
train_step 150 batch loss_d {'emo_loss': 0.57629114} batch metric_d {'emo_acc': 0.71875} positive sum 9.0
train_step 155 batch loss_d {'emo_loss': 0.69532496} batch metric_d {'emo_acc': 0.65625} positive sum 11.0
train_step 160 batch loss_d {'emo_loss': 0.55788326} batch metric_d {'emo_acc': 0.75} positive sum 8.0
train_step 165 batch loss_d {'emo_loss': 0.7233352} batch metric_d {'emo_acc': 0.5625} positive sum 14.0
train_step 170 batch loss_d {'emo_loss': 0.69157743} batch metric_d {'emo_acc': 0.59375} positive sum 13.0
train_step 175 batch loss_d {'emo_loss': 0.57116} batch metric_d {'emo_acc': 0.8125} positive sum 6.0
train_step 180 batch loss_d {'emo_loss': 0.6102047} batch metric_d {'emo_acc': 0.71875} positive sum 9.0
train_step 185 batch loss_d {'emo_loss': 0.7191359} batch metric_d {'emo_acc': 0.5625} positive sum 14.0
train_step 190 batch loss_d {'emo_loss': 0.6611389} batch metric_d {'emo_acc': 0.75} positive sum 8.0
train_step 195 batch loss_d {'emo_loss': 0.7767607} batch metric_d {'emo_acc': 0.5625} positive sum 14.0
train_step 200 batch loss_d {'emo_loss': 0.666613} batch metric_d {'emo_acc': 0.65625} positive sum 11.0
train_step 205 batch loss_d {'emo_loss': 0.6154648} batch metric_d {'emo_acc': 0.6875} positive sum 10.0
train_step 210 batch loss_d {'emo_loss': 0.62591046} batch metric_d {'emo_acc': 0.71875} positive sum 9.0
train_step 215 batch loss_d {'emo_loss': 0.55565804} batch metric_d {'emo_acc': 0.75} positive sum 8.0
train_step 220 batch loss_d {'emo_loss': 0.52223694} batch metric_d {'emo_acc': 0.78125} positive sum 7.0
train_step 225 batch loss_d {'emo_loss': 0.70232254} batch metric_d {'emo_acc': 0.65625} positive sum 11.0
train_step 230 batch loss_d {'emo_loss': 0.7596317} batch metric_d {'emo_acc': 0.625} positive sum 12.0
train_step 235 batch loss_d {'emo_loss': 0.45606077} batch metric_d {'emo_acc': 0.90625} positive sum 3.0
train_step 240 batch loss_d {'emo_loss': 0.63067955} batch metric_d {'emo_acc': 0.71875} positive sum 9.0
train_step 245 batch loss_d {'emo_loss': 0.70479524} batch metric_d {'emo_acc': 0.625} positive sum 12.0
train_step 250 batch loss_d {'emo_loss': 0.5894547} batch metric_d {'emo_acc': 0.71875} positive sum 9.0
train_step 255 batch loss_d {'emo_loss': 0.6750336} batch metric_d {'emo_acc': 0.65625} positive sum 11.0
train_step 260 batch loss_d {'emo_loss': 0.6308358} batch metric_d {'emo_acc': 0.6875} positive sum 10.0
train_step 265 batch loss_d {'emo_loss': 0.64812654} batch metric_d {'emo_acc': 0.65625} positive sum 11.0
train_step 270 batch loss_d {'emo_loss': 0.64012426} batch metric_d {'emo_acc': 0.6875} positive sum 10.0
train_step 275 batch loss_d {'emo_loss': 0.5942481} batch metric_d {'emo_acc': 0.6875} positive sum 10.0
train_step 280 batch loss_d {'emo_loss': 0.6041518} batch metric_d {'emo_acc': 0.6875} positive sum 10.0
train_step 285 batch loss_d {'emo_loss': 0.63174623} batch metric_d {'emo_acc': 0.71875} positive sum 9.0
train_step 290 batch loss_d {'emo_loss': 0.6351429} batch metric_d {'emo_acc': 0.6875} positive sum 10.0
train_step 295 batch loss_d {'emo_loss': 0.651942} batch metric_d {'emo_acc': 0.71875} positive sum 9.0
train_step 300 batch loss_d {'emo_loss': 0.6339467} batch metric_d {'emo_acc': 0.71875} positive sum 9.0
train_step 305 batch loss_d {'emo_loss': 0.52463657} batch metric_d {'emo_acc': 0.8125} positive sum 6.0
train_step 310 batch loss_d {'emo_loss': 0.4435455} batch metric_d {'emo_acc': 0.875} positive sum 4.0
train_step 315 batch loss_d {'emo_loss': 0.5165575} batch metric_d {'emo_acc': 0.78125} positive sum 7.0
train_step 320 batch loss_d {'emo_loss': 0.60837513} batch metric_d {'emo_acc': 0.71875} positive sum 9.0
train_step 325 batch loss_d {'emo_loss': 0.48552305} batch metric_d {'emo_acc': 0.84375} positive sum 5.0
train_step 330 batch loss_d {'emo_loss': 0.5635185} batch metric_d {'emo_acc': 0.75} positive sum 8.0
train_step 335 batch loss_d {'emo_loss': 0.5824077} batch metric_d {'emo_acc': 0.71875} positive sum 9.0
train_step 340 batch loss_d {'emo_loss': 0.62548304} batch metric_d {'emo_acc': 0.65625} positive sum 10.0
train_step 345 batch loss_d {'emo_loss': 0.5733036} batch metric_d {'emo_acc': 0.78125} positive sum 7.0
train_step 350 batch loss_d {'emo_loss': 0.59211296} batch metric_d {'emo_acc': 0.75} positive sum 8.0
train_step 355 batch loss_d {'emo_loss': 0.6123904} batch metric_d {'emo_acc': 0.6875} positive sum 10.0
train_step 360 batch loss_d {'emo_loss': 0.6079675} batch metric_d {'emo_acc': 0.75} positive sum 8.0
train_step 365 batch loss_d {'emo_loss': 0.6212354} batch metric_d {'emo_acc': 0.75} positive sum 8.0
train_step 370 batch loss_d {'emo_loss': 0.6773666} batch metric_d {'emo_acc': 0.65625} positive sum 11.0
train_step 375 batch loss_d {'emo_loss': 0.53277767} batch metric_d {'emo_acc': 0.8125} positive sum 6.0
train_step 380 batch loss_d {'emo_loss': 0.7094674} batch metric_d {'emo_acc': 0.625} positive sum 12.0
train_step 385 batch loss_d {'emo_loss': 0.649665} batch metric_d {'emo_acc': 0.65625} positive sum 11.0
train_step 390 batch loss_d {'emo_loss': 0.53220016} batch metric_d {'emo_acc': 0.875} positive sum 4.0
train_step 395 batch loss_d {'emo_loss': 0.62214893} batch metric_d {'emo_acc': 0.65625} positive sum 11.0
train_step 400 batch loss_d {'emo_loss': 0.5444097} batch metric_d {'emo_acc': 0.78125} positive sum 7.0
train_step 405 batch loss_d {'emo_loss': 0.6435219} batch metric_d {'emo_acc': 0.65625} positive sum 11.0
train_step 410 batch loss_d {'emo_loss': 0.63849074} batch metric_d {'emo_acc': 0.6875} positive sum 10.0
train_step 415 batch loss_d {'emo_loss': 0.6220597} batch metric_d {'emo_acc': 0.6875} positive sum 10.0
train_step 420 batch loss_d {'emo_loss': 0.47761208} batch metric_d {'emo_acc': 0.84375} positive sum 5.0
train_step 425 batch loss_d {'emo_loss': 0.79059637} batch metric_d {'emo_acc': 0.59375} positive sum 13.0
train_step 430 batch loss_d {'emo_loss': 0.6262665} batch metric_d {'emo_acc': 0.6875} positive sum 10.0
train_step 435 batch loss_d {'emo_loss': 0.76391315} batch metric_d {'emo_acc': 0.5625} positive sum 14.0
train_step 440 batch loss_d {'emo_loss': 0.5999976} batch metric_d {'emo_acc': 0.71875} positive sum 9.0
train_step 445 batch loss_d {'emo_loss': 0.6267755} batch metric_d {'emo_acc': 0.6875} positive sum 10.0
train_step 450 batch loss_d {'emo_loss': 0.49065983} batch metric_d {'emo_acc': 0.84375} positive sum 5.0
train_step 455 batch loss_d {'emo_loss': 0.61296093} batch metric_d {'emo_acc': 0.6875} positive sum 10.0
train_step 460 batch loss_d {'emo_loss': 0.5144794} batch metric_d {'emo_acc': 0.84375} positive sum 5.0
train_step 465 batch loss_d {'emo_loss': 0.65108573} batch metric_d {'emo_acc': 0.65625} positive sum 11.0
train_step 470 batch loss_d {'emo_loss': 0.52236253} batch metric_d {'emo_acc': 0.78125} positive sum 7.0
train_step 475 batch loss_d {'emo_loss': 0.54180497} batch metric_d {'emo_acc': 0.75} positive sum 8.0
train_step 480 batch loss_d {'emo_loss': 0.5723666} batch metric_d {'emo_acc': 0.75} positive sum 8.0
train_step 485 batch loss_d {'emo_loss': 0.60457} batch metric_d {'emo_acc': 0.6875} positive sum 10.0
train_step 490 batch loss_d {'emo_loss': 0.58775276} batch metric_d {'emo_acc': 0.71875} positive sum 9.0
train_step 495 batch loss_d {'emo_loss': 0.6385783} batch metric_d {'emo_acc': 0.71875} positive sum 9.0
train_step 500 batch loss_d {'emo_loss': 0.6555773} batch metric_d {'emo_acc': 0.59375} positive sum 13.0
train_step 505 batch loss_d {'emo_loss': 0.7064899} batch metric_d {'emo_acc': 0.625} positive sum 12.0
train_step 510 batch loss_d {'emo_loss': 0.6682} batch metric_d {'emo_acc': 0.59375} positive sum 13.0
train_step 515 batch loss_d {'emo_loss': 0.6648611} batch metric_d {'emo_acc': 0.59375} positive sum 13.0
train_step 520 batch loss_d {'emo_loss': 0.5116482} batch metric_d {'emo_acc': 0.8125} positive sum 6.0
train_step 525 batch loss_d {'emo_loss': 0.6816893} batch metric_d {'emo_acc': 0.65625} positive sum 11.0
train_step 530 batch loss_d {'emo_loss': 0.6144339} batch metric_d {'emo_acc': 0.75} positive sum 8.0
train_step 535 batch loss_d {'emo_loss': 0.6070582} batch metric_d {'emo_acc': 0.71875} positive sum 9.0
train_step 540 batch loss_d {'emo_loss': 0.57262826} batch metric_d {'emo_acc': 0.78125} positive sum 7.0
train_step 545 batch loss_d {'emo_loss': 0.58021057} batch metric_d {'emo_acc': 0.71875} positive sum 9.0
train_step 550 batch loss_d {'emo_loss': 0.6441692} batch metric_d {'emo_acc': 0.6875} positive sum 10.0
train_step 555 batch loss_d {'emo_loss': 0.59343326} batch metric_d {'emo_acc': 0.6875} positive sum 10.0
train_step 560 batch loss_d {'emo_loss': 0.55693257} batch metric_d {'emo_acc': 0.75} positive sum 8.0
train_step 565 batch loss_d {'emo_loss': 0.55054843} batch metric_d {'emo_acc': 0.78125} positive sum 7.0
train_step 570 batch loss_d {'emo_loss': 0.6189476} batch metric_d {'emo_acc': 0.6875} positive sum 10.0
train_step 575 batch loss_d {'emo_loss': 0.6322229} batch metric_d {'emo_acc': 0.65625} positive sum 11.0
train_step 580 batch loss_d {'emo_loss': 0.70802} batch metric_d {'emo_acc': 0.59375} positive sum 13.0
train_step 585 batch loss_d {'emo_loss': 0.6227802} batch metric_d {'emo_acc': 0.71875} positive sum 9.0
train_step 590 batch loss_d {'emo_loss': 0.5213026} batch metric_d {'emo_acc': 0.8125} positive sum 6.0
train_step 595 batch loss_d {'emo_loss': 0.5812214} batch metric_d {'emo_acc': 0.75} positive sum 8.0
train_step 600 batch loss_d {'emo_loss': 0.6028863} batch metric_d {'emo_acc': 0.6875} positive sum 10.0
train_step 605 batch loss_d {'emo_loss': 0.7467346} batch metric_d {'emo_acc': 0.625} positive sum 12.0
train_step 610 batch loss_d {'emo_loss': 0.7045051} batch metric_d {'emo_acc': 0.59375} positive sum 13.0
train_step 615 batch loss_d {'emo_loss': 0.5756636} batch metric_d {'emo_acc': 0.75} positive sum 8.0
train_step 620 batch loss_d {'emo_loss': 0.5836201} batch metric_d {'emo_acc': 0.75} positive sum 8.0
train_step 625 batch loss_d {'emo_loss': 0.65490055} batch metric_d {'emo_acc': 0.65625} positive sum 11.0
train_step 630 batch loss_d {'emo_loss': 0.79047894} batch metric_d {'emo_acc': 0.53125} positive sum 15.0
train_step 635 batch loss_d {'emo_loss': 0.5389857} batch metric_d {'emo_acc': 0.8125} positive sum 6.0
train_step 640 batch loss_d {'emo_loss': 0.5492801} batch metric_d {'emo_acc': 0.8125} positive sum 6.0
train_step 645 batch loss_d {'emo_loss': 0.5917139} batch metric_d {'emo_acc': 0.71875} positive sum 9.0
train_step 650 batch loss_d {'emo_loss': 0.5362555} batch metric_d {'emo_acc': 0.8125} positive sum 6.0
train_step 655 batch loss_d {'emo_loss': 0.81823575} batch metric_d {'emo_acc': 0.5} positive sum 16.0
train_step 660 batch loss_d {'emo_loss': 0.552693} batch metric_d {'emo_acc': 0.75} positive sum 8.0
train_step 665 batch loss_d {'emo_loss': 0.58234894} batch metric_d {'emo_acc': 0.78125} positive sum 7.0
train_step 670 batch loss_d {'emo_loss': 0.47135466} batch metric_d {'emo_acc': 0.84375} positive sum 5.0
train_step 675 batch loss_d {'emo_loss': 0.70857424} batch metric_d {'emo_acc': 0.625} positive sum 12.0
train_step 680 batch loss_d {'emo_loss': 0.6324855} batch metric_d {'emo_acc': 0.71875} positive sum 9.0
train_step 685 batch loss_d {'emo_loss': 0.64073306} batch metric_d {'emo_acc': 0.6875} positive sum 10.0
train_step 690 batch loss_d {'emo_loss': 0.4822296} batch metric_d {'emo_acc': 0.90625} positive sum 3.0
train_step 695 batch loss_d {'emo_loss': 0.59421444} batch metric_d {'emo_acc': 0.75} positive sum 8.0
train_step 700 batch loss_d {'emo_loss': 0.6433449} batch metric_d {'emo_acc': 0.625} positive sum 12.0
train_step 705 batch loss_d {'emo_loss': 0.6646085} batch metric_d {'emo_acc': 0.625} positive sum 12.0
train_step 710 batch loss_d {'emo_loss': 0.61505896} batch metric_d {'emo_acc': 0.71875} positive sum 9.0
train_step 715 batch loss_d {'emo_loss': 0.60133076} batch metric_d {'emo_acc': 0.71875} positive sum 9.0
train_step 720 batch loss_d {'emo_loss': 0.4998967} batch metric_d {'emo_acc': 0.84375} positive sum 5.0
train_step 725 batch loss_d {'emo_loss': 0.56982225} batch metric_d {'emo_acc': 0.8125} positive sum 6.0
train_step 730 batch loss_d {'emo_loss': 0.57794154} batch metric_d {'emo_acc': 0.75} positive sum 8.0
train_step 735 batch loss_d {'emo_loss': 0.7830001} batch metric_d {'emo_acc': 0.59375} positive sum 13.0
train_step 740 batch loss_d {'emo_loss': 0.6019082} batch metric_d {'emo_acc': 0.71875} positive sum 9.0
train_step 745 batch loss_d {'emo_loss': 0.54460394} batch metric_d {'emo_acc': 0.78125} positive sum 7.0
train_step 750 batch loss_d {'emo_loss': 0.5085818} batch metric_d {'emo_acc': 0.8125} positive sum 6.0
train_step 755 batch loss_d {'emo_loss': 0.60314107} batch metric_d {'emo_acc': 0.71875} positive sum 9.0
train_step 760 batch loss_d {'emo_loss': 0.70945024} batch metric_d {'emo_acc': 0.59375} positive sum 13.0
train_step 765 batch loss_d {'emo_loss': 0.59002} batch metric_d {'emo_acc': 0.78125} positive sum 8.0
train_step 770 batch loss_d {'emo_loss': 0.7482442} batch metric_d {'emo_acc': 0.59375} positive sum 13.0
train_step 775 batch loss_d {'emo_loss': 0.6356989} batch metric_d {'emo_acc': 0.65625} positive sum 11.0
train_step 780 batch loss_d {'emo_loss': 0.6654799} batch metric_d {'emo_acc': 0.625} positive sum 12.0
train_step 785 batch loss_d {'emo_loss': 0.57281977} batch metric_d {'emo_acc': 0.71875} positive sum 9.0
train_step 790 batch loss_d {'emo_loss': 0.53449273} batch metric_d {'emo_acc': 0.78125} positive sum 7.0
train_step 795 batch loss_d {'emo_loss': 0.5918727} batch metric_d {'emo_acc': 0.71875} positive sum 9.0
train_step 800 batch loss_d {'emo_loss': 0.7042792} batch metric_d {'emo_acc': 0.59375} positive sum 13.0
train_step 805 batch loss_d {'emo_loss': 0.6515847} batch metric_d {'emo_acc': 0.65625} positive sum 11.0
train_step 810 batch loss_d {'emo_loss': 0.49655926} batch metric_d {'emo_acc': 0.84375} positive sum 5.0
train_step 815 batch loss_d {'emo_loss': 0.66199046} batch metric_d {'emo_acc': 0.625} positive sum 12.0
train_step 820 batch loss_d {'emo_loss': 0.6219737} batch metric_d {'emo_acc': 0.65625} positive sum 11.0
train_step 825 batch loss_d {'emo_loss': 0.62257195} batch metric_d {'emo_acc': 0.6875} positive sum 10.0
train_step 830 batch loss_d {'emo_loss': 0.6789655} batch metric_d {'emo_acc': 0.625} positive sum 12.0
train_step 835 batch loss_d {'emo_loss': 0.64540654} batch metric_d {'emo_acc': 0.625} positive sum 12.0
train_step 840 batch loss_d {'emo_loss': 0.632651} batch metric_d {'emo_acc': 0.71875} positive sum 9.0
train_step 845 batch loss_d {'emo_loss': 0.7001982} batch metric_d {'emo_acc': 0.59375} positive sum 13.0
train_step 850 batch loss_d {'emo_loss': 0.6729556} batch metric_d {'emo_acc': 0.625} positive sum 12.0
train_step 855 batch loss_d {'emo_loss': 0.68194884} batch metric_d {'emo_acc': 0.59375} positive sum 13.0
train_step 860 batch loss_d {'emo_loss': 0.5389403} batch metric_d {'emo_acc': 0.8125} positive sum 6.0
train_step 865 batch loss_d {'emo_loss': 0.5604075} batch metric_d {'emo_acc': 0.75} positive sum 8.0
train_step 870 batch loss_d {'emo_loss': 0.5600592} batch metric_d {'emo_acc': 0.71875} positive sum 9.0
train_step 875 batch loss_d {'emo_loss': 0.5397755} batch metric_d {'emo_acc': 0.78125} positive sum 7.0
train_step 880 batch loss_d {'emo_loss': 0.47509593} batch metric_d {'emo_acc': 0.84375} positive sum 5.0
train_step 885 batch loss_d {'emo_loss': 0.61341155} batch metric_d {'emo_acc': 0.75} positive sum 8.0
train_step 890 batch loss_d {'emo_loss': 0.5439722} batch metric_d {'emo_acc': 0.75} positive sum 8.0
train_step 895 batch loss_d {'emo_loss': 0.58261615} batch metric_d {'emo_acc': 0.71875} positive sum 9.0
train_step 900 batch loss_d {'emo_loss': 0.41314733} batch metric_d {'emo_acc': 0.9375} positive sum 2.0
train_step 905 batch loss_d {'emo_loss': 0.6752603} batch metric_d {'emo_acc': 0.6875} positive sum 10.0
train_step 910 batch loss_d {'emo_loss': 0.5037054} batch metric_d {'emo_acc': 0.8125} positive sum 6.0
train_step 915 batch loss_d {'emo_loss': 0.5406506} batch metric_d {'emo_acc': 0.8125} positive sum 6.0
train_step 920 batch loss_d {'emo_loss': 0.5530698} batch metric_d {'emo_acc': 0.75} positive sum 8.0
train_step 925 batch loss_d {'emo_loss': 0.646155} batch metric_d {'emo_acc': 0.65625} positive sum 11.0
train_step 930 batch loss_d {'emo_loss': 0.52432805} batch metric_d {'emo_acc': 0.8125} positive sum 6.0
train_step 935 batch loss_d {'emo_loss': 0.64756656} batch metric_d {'emo_acc': 0.65625} positive sum 11.0
train_step 940 batch loss_d {'emo_loss': 0.56114197} batch metric_d {'emo_acc': 0.78125} positive sum 7.0
train_step 945 batch loss_d {'emo_loss': 0.62520945} batch metric_d {'emo_acc': 0.71875} positive sum 9.0
train_step 950 batch loss_d {'emo_loss': 0.61956257} batch metric_d {'emo_acc': 0.6875} positive sum 10.0
train_step 955 batch loss_d {'emo_loss': 0.62047833} batch metric_d {'emo_acc': 0.71875} positive sum 9.0
train_step 960 batch loss_d {'emo_loss': 0.5223514} batch metric_d {'emo_acc': 0.8125} positive sum 6.0
train_step 965 batch loss_d {'emo_loss': 0.5187619} batch metric_d {'emo_acc': 0.8125} positive sum 6.0
train_step 970 batch loss_d {'emo_loss': 0.3662789} batch metric_d {'emo_acc': 0.9375} positive sum 2.0
train_step 975 batch loss_d {'emo_loss': 0.51336604} batch metric_d {'emo_acc': 0.75} positive sum 8.0
train_step 980 batch loss_d {'emo_loss': 0.5410243} batch metric_d {'emo_acc': 0.75} positive sum 8.0
train_step 985 batch loss_d {'emo_loss': 0.60787797} batch metric_d {'emo_acc': 0.75} positive sum 8.0
train_step 990 batch loss_d {'emo_loss': 0.5511849} batch metric_d {'emo_acc': 0.71875} positive sum 9.0
train_step 995 batch loss_d {'emo_loss': 0.5461987} batch metric_d {'emo_acc': 0.8125} positive sum 6.0
  dev set: metric_d {'emo_acc': 0.75} loss_d {'emo_loss': 0.56464578470208} global_e_acc 0.23166023166023167
    best_acc: 0.750000, best_acc_steps: 1000
    best_loss: 0.564646, best_loss_steps: 1000
  test set: metric_d {'emo_acc': 0.75} loss_d {'emo_loss': 0.5774736429733659} global_e_acc 0.23166023166023167
  Duration: 1241.088506
train_step 1000 batch loss_d {'emo_loss': 0.5978763} batch metric_d {'emo_acc': 0.71875} positive sum 9.0
train_step 1005 batch loss_d {'emo_loss': 0.5466329} batch metric_d {'emo_acc': 0.78125} positive sum 7.0
train_step 1010 batch loss_d {'emo_loss': 0.5988457} batch metric_d {'emo_acc': 0.75} positive sum 8.0
train_step 1015 batch loss_d {'emo_loss': 0.57931167} batch metric_d {'emo_acc': 0.75} positive sum 8.0
train_step 1020 batch loss_d {'emo_loss': 0.4879629} batch metric_d {'emo_acc': 0.8125} positive sum 6.0
train_step 1025 batch loss_d {'emo_loss': 0.6851684} batch metric_d {'emo_acc': 0.6875} positive sum 10.0
train_step 1030 batch loss_d {'emo_loss': 0.58457255} batch metric_d {'emo_acc': 0.6875} positive sum 10.0
train_step 1035 batch loss_d {'emo_loss': 0.63583493} batch metric_d {'emo_acc': 0.6875} positive sum 10.0
train_step 1040 batch loss_d {'emo_loss': 0.63381386} batch metric_d {'emo_acc': 0.71875} positive sum 9.0
train_step 1045 batch loss_d {'emo_loss': 0.4936919} batch metric_d {'emo_acc': 0.875} positive sum 4.0
train_step 1050 batch loss_d {'emo_loss': 0.57023597} batch metric_d {'emo_acc': 0.75} positive sum 8.0
train_step 1055 batch loss_d {'emo_loss': 0.7273641} batch metric_d {'emo_acc': 0.59375} positive sum 13.0
train_step 1060 batch loss_d {'emo_loss': 0.54637575} batch metric_d {'emo_acc': 0.78125} positive sum 7.0
train_step 1065 batch loss_d {'emo_loss': 0.62164646} batch metric_d {'emo_acc': 0.71875} positive sum 9.0
train_step 1070 batch loss_d {'emo_loss': 0.5461197} batch metric_d {'emo_acc': 0.75} positive sum 8.0
train_step 1075 batch loss_d {'emo_loss': 0.6128129} batch metric_d {'emo_acc': 0.71875} positive sum 9.0
train_step 1080 batch loss_d {'emo_loss': 0.705078} batch metric_d {'emo_acc': 0.59375} positive sum 13.0
train_step 1085 batch loss_d {'emo_loss': 0.68893003} batch metric_d {'emo_acc': 0.625} positive sum 12.0
train_step 1090 batch loss_d {'emo_loss': 0.55144113} batch metric_d {'emo_acc': 0.8125} positive sum 6.0
train_step 1095 batch loss_d {'emo_loss': 0.48551497} batch metric_d {'emo_acc': 0.8125} positive sum 5.0
train_step 1100 batch loss_d {'emo_loss': 0.60105675} batch metric_d {'emo_acc': 0.78125} positive sum 7.0
train_step 1105 batch loss_d {'emo_loss': 0.91419446} batch metric_d {'emo_acc': 0.5} positive sum 16.0
train_step 1110 batch loss_d {'emo_loss': 0.82671624} batch metric_d {'emo_acc': 0.53125} positive sum 15.0
train_step 1115 batch loss_d {'emo_loss': 0.6439522} batch metric_d {'emo_acc': 0.65625} positive sum 11.0
train_step 1120 batch loss_d {'emo_loss': 0.53468925} batch metric_d {'emo_acc': 0.8125} positive sum 6.0
train_step 1125 batch loss_d {'emo_loss': 0.6446838} batch metric_d {'emo_acc': 0.71875} positive sum 9.0
train_step 1130 batch loss_d {'emo_loss': 0.5793236} batch metric_d {'emo_acc': 0.71875} positive sum 9.0
train_step 1135 batch loss_d {'emo_loss': 0.7403566} batch metric_d {'emo_acc': 0.53125} positive sum 15.0
train_step 1140 batch loss_d {'emo_loss': 0.5565153} batch metric_d {'emo_acc': 0.75} positive sum 8.0
train_step 1145 batch loss_d {'emo_loss': 0.53322715} batch metric_d {'emo_acc': 0.78125} positive sum 7.0
train_step 1150 batch loss_d {'emo_loss': 0.65254796} batch metric_d {'emo_acc': 0.65625} positive sum 11.0
train_step 1155 batch loss_d {'emo_loss': 0.594931}