train_step 0 batch loss_d {'emo_loss': 0.6987359} batch metric_d {'emo_acc': 0.59375}
  dev set: metric_d {'emo_acc': 0.75} loss_d {'emo_loss': 0.6931471824645996} global_e_acc 0.525096525096525
    best_acc: 0.750000, best_acc_steps: 0
    best_loss: 0.693147, best_loss_steps: 0
  test set: metric_d {'emo_acc': 0.75} loss_d {'emo_loss': 0.6931471824645996} global_e_acc 0.525096525096525
  Duration: 285.230169
train_step 1 batch loss_d {'emo_loss': 0.6931472} batch metric_d {'emo_acc': 0.65625}
train_step 2 batch loss_d {'emo_loss': 0.6931472} batch metric_d {'emo_acc': 0.8125}
train_step 3 batch loss_d {'emo_loss': 0.6931472} batch metric_d {'emo_acc': 0.84375}
train_step 4 batch loss_d {'emo_loss': 0.6931472} batch metric_d {'emo_acc': 0.78125}
train_step 5 batch loss_d {'emo_loss': 0.6931472} batch metric_d {'emo_acc': 0.78125}
train_step 6 batch loss_d {'emo_loss': 0.6931472} batch metric_d {'emo_acc': 0.8125}
train_step 7 batch loss_d {'emo_loss': 0.6931472} batch metric_d {'emo_acc': 0.75}
train_step 8 batch loss_d {'emo_loss': 0.6931472} batch metric_d {'emo_acc': 0.625}
train_step 9 batch loss_d {'emo_loss': 0.6931472} batch metric_d {'emo_acc': 0.71875}
train_step 10 batch loss_d {'emo_loss': 0.6931472} batch metric_d {'emo_acc': 0.71875}
  dev set: metric_d {'emo_acc': 0.75} loss_d {'emo_loss': 0.6931471824645996} global_e_acc 0.525096525096525
    best_acc: 0.750000, best_acc_steps: 0
    best_loss: 0.693147, best_loss_steps: 0
  test set: metric_d {'emo_acc': 0.75} loss_d {'emo_loss': 0.6931471824645996} global_e_acc 0.525096525096525
  Duration: 545.353939
train_step 11 batch loss_d {'emo_loss': 0.6931472} batch metric_d {'emo_acc': 0.65625}
train_step 12 batch loss_d {'emo_loss': 0.6931472} batch metric_d {'emo_acc': 0.71875}
train_step 13 batch loss_d {'emo_loss': 0.6931472} batch metric_d {'emo_acc': 0.8125}
train_step 14 batch loss_d {'emo_loss': 0.6931472} batch metric_d {'emo_acc': 0.65625}
train_step 15 batch loss_d {'emo_loss': 0.6931472} batch metric_d {'emo_acc': 0.8125}
train_step 16 batch loss_d {'emo_loss': 0.6931472} batch metric_d {'emo_acc': 0.75}
train_step 17 batch loss_d {'emo_loss': 0.6931472} batch metric_d {'emo_acc': 0.6875}
train_step 18 batch loss_d {'emo_loss': 0.6931472} batch metric_d {'emo_acc': 0.71875}
train_step 19 batch loss_d {'emo_loss': 0.6931472} batch metric_d {'emo_acc': 0.71875}
test set: metric_d {'emo_acc': 0.75} loss_d {'emo_loss': 0.6931471824645996} global emo acc 0.525096525096525
