train_step 0 batch loss_d {'emo_loss': 0.9045635} batch metric_d {'emo_acc': 0.46875} positive sum 11.0
train_step 30 batch loss_d {'emo_loss': 0.9286586} batch metric_d {'emo_acc': 0.5625} positive sum 10.0
train_step 60 batch loss_d {'emo_loss': 1.0524576} batch metric_d {'emo_acc': 0.46875} positive sum 8.0
train_step 90 batch loss_d {'emo_loss': 1.2195276} batch metric_d {'emo_acc': 0.59375} positive sum 3.0
train_step 120 batch loss_d {'emo_loss': 1.1980901} batch metric_d {'emo_acc': 0.15625} positive sum 5.0
train_step 150 batch loss_d {'emo_loss': 0.9639177} batch metric_d {'emo_acc': 0.4375} positive sum 10.0
train_step 180 batch loss_d {'emo_loss': 1.1181266} batch metric_d {'emo_acc': 0.625} positive sum 6.0
train_step 210 batch loss_d {'emo_loss': 0.98974454} batch metric_d {'emo_acc': 0.5625} positive sum 9.0
train_step 240 batch loss_d {'emo_loss': 1.0410976} batch metric_d {'emo_acc': 0.46875} positive sum 8.0
train_step 270 batch loss_d {'emo_loss': 0.9010201} batch metric_d {'emo_acc': 0.65625} positive sum 11.0
train_step 300 batch loss_d {'emo_loss': 0.9966084} batch metric_d {'emo_acc': 0.5} positive sum 9.0
train_step 330 batch loss_d {'emo_loss': 1.0659649} batch metric_d {'emo_acc': 0.46875} positive sum 8.0
train_step 360 batch loss_d {'emo_loss': 1.172244} batch metric_d {'emo_acc': 0.5} positive sum 5.0
train_step 390 batch loss_d {'emo_loss': 0.9425707} batch metric_d {'emo_acc': 0.59375} positive sum 10.0
train_step 420 batch loss_d {'emo_loss': 1.1081082} batch metric_d {'emo_acc': 0.4375} positive sum 7.0
train_step 450 batch loss_d {'emo_loss': 0.97292256} batch metric_d {'emo_acc': 0.53125} positive sum 10.0
train_step 480 batch loss_d {'emo_loss': 0.98042303} batch metric_d {'emo_acc': 0.4375} positive sum 10.0
  dev set: metric_d {'emo_acc': 0.5481016737153631} loss_d {'emo_loss': 1.0164267869529577} global_e_acc 0.3127413127413127
    best_acc: 0.548102, best_acc_steps: 500
    best_loss: 1.016427, best_loss_steps: 500
  test set: metric_d {'emo_acc': 0.5284749041077713} loss_d {'emo_loss': 1.0374156607163918} global_e_acc 0.22007722007722008
  Duration: 648.693571
train_step 510 batch loss_d {'emo_loss': 0.8368026} batch metric_d {'emo_acc': 0.625} positive sum 11.0
train_step 540 batch loss_d {'emo_loss': 0.8606568} batch metric_d {'emo_acc': 0.5625} positive sum 13.0
train_step 570 batch loss_d {'emo_loss': 0.89397293} batch metric_d {'emo_acc': 0.53125} positive sum 10.0
train_step 600 batch loss_d {'emo_loss': 1.3361087} batch metric_d {'emo_acc': 0.4375} positive sum 4.0
train_step 630 batch loss_d {'emo_loss': 0.8147572} batch metric_d {'emo_acc': 0.59375} positive sum 11.0
train_step 660 batch loss_d {'emo_loss': 0.89567924} batch metric_d {'emo_acc': 0.625} positive sum 9.0
train_step 690 batch loss_d {'emo_loss': 0.76815706} batch metric_d {'emo_acc': 0.59375} positive sum 11.0
train_step 720 batch loss_d {'emo_loss': 0.8488482} batch metric_d {'emo_acc': 0.625} positive sum 9.0
train_step 750 batch loss_d {'emo_loss': 0.96386546} batch metric_d {'emo_acc': 0.65625} positive sum 8.0
train_step 780 batch loss_d {'emo_loss': 1.0155787} batch metric_d {'emo_acc': 0.4375} positive sum 8.0
train_step 810 batch loss_d {'emo_loss': 1.0883176} batch metric_d {'emo_acc': 0.59375} positive sum 8.0
train_step 840 batch loss_d {'emo_loss': 0.77848136} batch metric_d {'emo_acc': 0.65625} positive sum 9.0
train_step 870 batch loss_d {'emo_loss': 0.85608244} batch metric_d {'emo_acc': 0.65625} positive sum 8.0
train_step 900 batch loss_d {'emo_loss': 0.9546663} batch metric_d {'emo_acc': 0.53125} positive sum 7.0
train_step 930 batch loss_d {'emo_loss': 0.767451} batch metric_d {'emo_acc': 0.71875} positive sum 10.0
train_step 960 batch loss_d {'emo_loss': 0.9020549} batch metric_d {'emo_acc': 0.40625} positive sum 12.0
train_step 990 batch loss_d {'emo_loss': 0.85515565} batch metric_d {'emo_acc': 0.625} positive sum 8.0
  dev set: metric_d {'emo_acc': 0.524292150145562} loss_d {'emo_loss': 0.9945578793761353} global_e_acc 0.3088803088803089
    best_acc: 0.548102, best_acc_steps: 500
    best_loss: 0.994558, best_loss_steps: 1000
  test set: metric_d {'emo_acc': 0.5160875174874965} loss_d {'emo_loss': 1.0882424843357337} global_e_acc 0.20077220077220076
  Duration: 1216.965235
train_step 1020 batch loss_d {'emo_loss': 0.8884665} batch metric_d {'emo_acc': 0.53125} positive sum 9.0
train_step 1050 batch loss_d {'emo_loss': 1.0082366} batch metric_d {'emo_acc': 0.5625} positive sum 6.0
train_step 1080 batch loss_d {'emo_loss': 0.8410214} batch metric_d {'emo_acc': 0.625} positive sum 9.0
train_step 1110 batch loss_d {'emo_loss': 0.8096298} batch metric_d {'emo_acc': 0.59375} positive sum 8.0
train_step 1140 batch loss_d {'emo_loss': 0.85397565} batch metric_d {'emo_acc': 0.5} positive sum 11.0
train_step 1170 batch loss_d {'emo_loss': 1.0048494} batch metric_d {'emo_acc': 0.4375} positive sum 6.0
train_step 1200 batch loss_d {'emo_loss': 1.1533448} batch metric_d {'emo_acc': 0.5625} positive sum 7.0
train_step 1230 batch loss_d {'emo_loss': 0.73141754} batch metric_d {'emo_acc': 0.6875} positive sum 12.0
train_step 1260 batch loss_d {'emo_loss': 0.9610455} batch metric_d {'emo_acc': 0.4375} positive sum 10.0
train_step 1290 batch loss_d {'emo_loss': 1.1019664} batch metric_d {'emo_acc': 0.4375} positive sum 6.0
train_step 1320 batch loss_d {'emo_loss': 0.87135553} batch metric_d {'emo_acc': 0.59375} positive sum 6.0
train_step 1350 batch loss_d {'emo_loss': 0.8869244} batch metric_d {'emo_acc': 0.53125} positive sum 9.0
train_step 1380 batch loss_d {'emo_loss': 0.71395326} batch metric_d {'emo_acc': 0.71875} positive sum 10.0
train_step 1410 batch loss_d {'emo_loss': 0.9107024} batch metric_d {'emo_acc': 0.5} positive sum 7.0
train_step 1440 batch loss_d {'emo_loss': 1.0690078} batch metric_d {'emo_acc': 0.5} positive sum 6.0
train_step 1470 batch loss_d {'emo_loss': 0.75130785} batch metric_d {'emo_acc': 0.59375} positive sum 12.0
  dev set: metric_d {'emo_acc': 0.5308880303126965} loss_d {'emo_loss': 1.1112515332615973} global_e_acc 0.3166023166023166
    best_acc: 0.548102, best_acc_steps: 500
    best_loss: 0.994558, best_loss_steps: 1000
  test set: metric_d {'emo_acc': 0.5415057934619285} loss_d {'emo_loss': 1.2127039361184169} global_e_acc 0.1891891891891892
  Duration: 1761.308076
train_step 1500 batch loss_d {'emo_loss': 0.9495109} batch metric_d {'emo_acc': 0.5625} positive sum 12.0
train_step 1530 batch loss_d {'emo_loss': 0.7508067} batch metric_d {'emo_acc': 0.65625} positive sum 10.0
train_step 1560 batch loss_d {'emo_loss': 0.90854716} batch metric_d {'emo_acc': 0.5} positive sum 9.0
train_step 1590 batch loss_d {'emo_loss': 0.9893363} batch metric_d {'emo_acc': 0.625} positive sum 10.0
train_step 1620 batch loss_d {'emo_loss': 0.8856343} batch metric_d {'emo_acc': 0.53125} positive sum 8.0
train_step 1650 batch loss_d {'emo_loss': 0.73729587} batch metric_d {'emo_acc': 0.59375} positive sum 11.0
train_step 1680 batch loss_d {'emo_loss': 0.79622364} batch metric_d {'emo_acc': 0.53125} positive sum 12.0
train_step 1710 batch loss_d {'emo_loss': 0.8091613} batch metric_d {'emo_acc': 0.53125} positive sum 12.0
train_step 1740 batch loss_d {'emo_loss': 1.1963258} batch metric_d {'emo_acc': 0.59375} positive sum 6.0
train_step 1770 batch loss_d {'emo_loss': 0.89844495} batch metric_d {'emo_acc': 0.53125} positive sum 11.0
train_step 1800 batch loss_d {'emo_loss': 0.7295287} batch metric_d {'emo_acc': 0.65625} positive sum 11.0
train_step 1830 batch loss_d {'emo_loss': 0.9028716} batch metric_d {'emo_acc': 0.46875} positive sum 9.0
train_step 1860 batch loss_d {'emo_loss': 0.77548325} batch metric_d {'emo_acc': 0.65625} positive sum 6.0
train_step 1890 batch loss_d {'emo_loss': 0.78091305} batch metric_d {'emo_acc': 0.5625} positive sum 12.0
train_step 1920 batch loss_d {'emo_loss': 0.92467475} batch metric_d {'emo_acc': 0.5} positive sum 10.0
train_step 1950 batch loss_d {'emo_loss': 0.8700037} batch metric_d {'emo_acc': 0.6875} positive sum 5.0
train_step 1980 batch loss_d {'emo_loss': 0.8712231} batch metric_d {'emo_acc': 0.5} positive sum 8.0
  dev set: metric_d {'emo_acc': 0.6044079754573498} loss_d {'emo_loss': 1.0548875960143838} global_e_acc 0.2857142857142857
    best_acc: 0.604408, best_acc_steps: 2000
    best_loss: 0.994558, best_loss_steps: 1000
  test set: metric_d {'emo_acc': 0.6087516085981862} loss_d {'emo_loss': 1.158460829939161} global_e_acc 0.19305019305019305
  Duration: 2379.785521
train_step 2010 batch loss_d {'emo_loss': 1.0361673} batch metric_d {'emo_acc': 0.4375} positive sum 5.0
train_step 2040 batch loss_d {'emo_loss': 1.0461409} batch metric_d {'emo_acc': 0.53125} positive sum 8.0
train_step 2070 batch loss_d {'emo_loss': 0.9667468} batch metric_d {'emo_acc': 0.75} positive sum 8.0
train_step 2100 batch loss_d {'emo_loss': 0.9573377} batch metric_d {'emo_acc': 0.5} positive sum 7.0
train_step 2130 batch loss_d {'emo_loss': 0.73452693} batch metric_d {'emo_acc': 0.75} positive sum 11.0
train_step 2160 batch loss_d {'emo_loss': 1.0954525} batch metric_d {'emo_acc': 0.46875} positive sum 5.0
train_step 2190 batch loss_d {'emo_loss': 0.94056904} batch metric_d {'emo_acc': 0.5} positive sum 6.0
train_step 2220 batch loss_d {'emo_loss': 0.9390211} batch metric_d {'emo_acc': 0.5625} positive sum 7.0
train_step 2250 batch loss_d {'emo_loss': 0.96383226} batch metric_d {'emo_acc': 0.53125} positive sum 8.0
train_step 2280 batch loss_d {'emo_loss': 0.9609623} batch metric_d {'emo_acc': 0.59375} positive sum 6.0
train_step 2310 batch loss_d {'emo_loss': 0.75365925} batch metric_d {'emo_acc': 0.71875} positive sum 10.0
train_step 2340 batch loss_d {'emo_loss': 0.98056775} batch metric_d {'emo_acc': 0.625} positive sum 9.0
train_step 2370 batch loss_d {'emo_loss': 0.722638} batch metric_d {'emo_acc': 0.75} positive sum 12.0
train_step 2400 batch loss_d {'emo_loss': 0.7932057} batch metric_d {'emo_acc': 0.65625} positive sum 11.0
train_step 2430 batch loss_d {'emo_loss': 0.8741113} batch metric_d {'emo_acc': 0.625} positive sum 8.0
train_step 2460 batch loss_d {'emo_loss': 0.7236945} batch metric_d {'emo_acc': 0.625} positive sum 11.0
train_step 2490 batch loss_d {'emo_loss': 0.5663214} batch metric_d {'emo_acc': 0.8125} positive sum 10.0
  dev set: metric_d {'emo_acc': 0.6169562402494165} loss_d {'emo_loss': 1.1763071385589805} global_e_acc 0.3359073359073359
    best_acc: 0.616956, best_acc_steps: 2500
    best_loss: 0.994558, best_loss_steps: 1000
  test set: metric_d {'emo_acc': 0.6229086234072461} loss_d {'emo_loss': 1.2713557317220106} global_e_acc 0.2625482625482625
  Duration: 2916.760348
train_step 2520 batch loss_d {'emo_loss': 0.5882551} batch metric_d {'emo_acc': 0.65625} positive sum 16.0
train_step 2550 batch loss_d {'emo_loss': 0.7614468} batch metric_d {'emo_acc': 0.71875} positive sum 10.0
train_step 2580 batch loss_d {'emo_loss': 0.70029175} batch metric_d {'emo_acc': 0.75} positive sum 11.0
train_step 2610 batch loss_d {'emo_loss': 0.7415015} batch metric_d {'emo_acc': 0.59375} positive sum 10.0
train_step 2640 batch loss_d {'emo_loss': 0.62330437} batch metric_d {'emo_acc': 0.78125} positive sum 10.0
train_step 2670 batch loss_d {'emo_loss': 0.6372544} batch metric_d {'emo_acc': 0.6875} positive sum 13.0
train_step 2700 batch loss_d {'emo_loss': 0.732403} batch metric_d {'emo_acc': 0.625} positive sum 9.0
train_step 2730 batch loss_d {'emo_loss': 0.6407001} batch metric_d {'emo_acc': 0.78125} positive sum 7.0
train_step 2760 batch loss_d {'emo_loss': 0.8486062} batch metric_d {'emo_acc': 0.625} positive sum 7.0
train_step 2790 batch loss_d {'emo_loss': 0.95378816} batch metric_d {'emo_acc': 0.5} positive sum 7.0
train_step 2820 batch loss_d {'emo_loss': 0.765594} batch metric_d {'emo_acc': 0.71875} positive sum 8.0
train_step 2850 batch loss_d {'emo_loss': 1.2420313} batch metric_d {'emo_acc': 0.625} positive sum 5.0
train_step 2880 batch loss_d {'emo_loss': 1.1076872} batch metric_d {'emo_acc': 0.53125} positive sum 7.0
train_step 2910 batch loss_d {'emo_loss': 0.55881894} batch metric_d {'emo_acc': 0.78125} positive sum 11.0
train_step 2940 batch loss_d {'emo_loss': 0.70914376} batch metric_d {'emo_acc': 0.78125} positive sum 7.0
train_step 2970 batch loss_d {'emo_loss': 1.0027885} batch metric_d {'emo_acc': 0.625} positive sum 3.0
  dev set: metric_d {'emo_acc': 0.6361003839716488} loss_d {'emo_loss': 1.0133945381549334} global_e_acc 0.4247104247104247
    best_acc: 0.636100, best_acc_steps: 3000
    best_loss: 0.994558, best_loss_steps: 1000
  test set: metric_d {'emo_acc': 0.6235521224589882} loss_d {'emo_loss': 1.19746514844158} global_e_acc 0.3359073359073359
  Duration: 3462.857069
train_step 3000 batch loss_d {'emo_loss': 0.8566098} batch metric_d {'emo_acc': 0.65625} positive sum 9.0
train_step 3030 batch loss_d {'emo_loss': 0.7404253} batch metric_d {'emo_acc': 0.71875} positive sum 8.0
train_step 3060 batch loss_d {'emo_loss': 0.7297808} batch metric_d {'emo_acc': 0.6875} positive sum 7.0
train_step 3090 batch loss_d {'emo_loss': 0.7863775} batch metric_d {'emo_acc': 0.625} positive sum 8.0
train_step 3120 batch loss_d {'emo_loss': 0.7794641} batch metric_d {'emo_acc': 0.59375} positive sum 8.0
train_step 3150 batch loss_d {'emo_loss': 0.72408533} batch metric_d {'emo_acc': 0.71875} positive sum 9.0
train_step 3180 batch loss_d {'emo_loss': 0.6074744} batch metric_d {'emo_acc': 0.78125} positive sum 11.0
train_step 3210 batch loss_d {'emo_loss': 0.7535888} batch metric_d {'emo_acc': 0.59375} positive sum 10.0
train_step 3240 batch loss_d {'emo_loss': 0.9744518} batch metric_d {'emo_acc': 0.75} positive sum 9.0
train_step 3270 batch loss_d {'emo_loss': 0.6387938} batch metric_d {'emo_acc': 0.78125} positive sum 8.0
train_step 3300 batch loss_d {'emo_loss': 0.5904108} batch metric_d {'emo_acc': 0.75} positive sum 12.0
train_step 3330 batch loss_d {'emo_loss': 0.46560714} batch metric_d {'emo_acc': 0.84375} positive sum 8.0
train_step 3360 batch loss_d {'emo_loss': 0.6937274} batch metric_d {'emo_acc': 0.78125} positive sum 11.0
train_step 3390 batch loss_d {'emo_loss': 0.44456303} batch metric_d {'emo_acc': 0.75} positive sum 15.0
train_step 3420 batch loss_d {'emo_loss': 0.6856906} batch metric_d {'emo_acc': 0.65625} positive sum 9.0
train_step 3450 batch loss_d {'emo_loss': 1.1010461} batch metric_d {'emo_acc': 0.71875} positive sum 11.0
train_step 3480 batch loss_d {'emo_loss': 0.7038349} batch metric_d {'emo_acc': 0.6875} positive sum 11.0
  dev set: metric_d {'emo_acc': 0.6076254843514859} loss_d {'emo_loss': 0.9992731228528335} global_e_acc 0.41312741312741313
    best_acc: 0.636100, best_acc_steps: 3000
    best_loss: 0.994558, best_loss_steps: 1000
  test set: metric_d {'emo_acc': 0.6029601038422824} loss_d {'emo_loss': 1.1269097821822958} global_e_acc 0.3088803088803089
  Duration: 3992.856655
train_step 3510 batch loss_d {'emo_loss': 1.3420808} batch metric_d {'emo_acc': 0.53125} positive sum 6.0
train_step 3540 batch loss_d {'emo_loss': 0.8355675} batch metric_d {'emo_acc': 0.71875} positive sum 6.0
train_step 3570 batch loss_d {'emo_loss': 0.6958004} batch metric_d {'emo_acc': 0.6875} positive sum 9.0
train_step 3600 batch loss_d {'emo_loss': 0.74304605} batch metric_d {'emo_acc': 0.5625} positive sum 8.0
train_step 3630 batch loss_d {'emo_loss': 0.79988456} batch metric_d {'emo_acc': 0.65625} positive sum 8.0
train_step 3660 batch loss_d {'emo_loss': 0.8421715} batch metric_d {'emo_acc': 0.625} positive sum 10.0
train_step 3690 batch loss_d {'emo_loss': 0.6472434} batch metric_d {'emo_acc': 0.65625} positive sum 8.0
train_step 3720 batch loss_d {'emo_loss': 0.6586873} batch metric_d {'emo_acc': 0.78125} positive sum 9.0
train_step 3750 batch loss_d {'emo_loss': 0.50705516} batch metric_d {'emo_acc': 0.71875} positive sum 14.0
train_step 3780 batch loss_d {'emo_loss': 0.7076817} batch metric_d {'emo_acc': 0.78125} positive sum 8.0
train_step 3810 batch loss_d {'emo_loss': 0.69702685} batch metric_d {'emo_acc': 0.6875} positive sum 8.0
train_step 3840 batch loss_d {'emo_loss': 0.58416957} batch metric_d {'emo_acc': 0.75} positive sum 14.0
train_step 3870 batch loss_d {'emo_loss': 0.86611617} batch metric_d {'emo_acc': 0.6875} positive sum 8.0
train_step 3900 batch loss_d {'emo_loss': 0.85787606} batch metric_d {'emo_acc': 0.625} positive sum 7.0
train_step 3930 batch loss_d {'emo_loss': 0.7202443} batch metric_d {'emo_acc': 0.71875} positive sum 9.0
train_step 3960 batch loss_d {'emo_loss': 0.78790104} batch metric_d {'emo_acc': 0.71875} positive sum 12.0
train_step 3990 batch loss_d {'emo_loss': 0.6148433} batch metric_d {'emo_acc': 0.84375} positive sum 7.0
  dev set: metric_d {'emo_acc': 0.6270913744640166} loss_d {'emo_loss': 1.0721429288387299} global_e_acc 0.4362934362934363
    best_acc: 0.636100, best_acc_steps: 3000
    best_loss: 0.994558, best_loss_steps: 1000
  test set: metric_d {'emo_acc': 0.6245173748050418} loss_d {'emo_loss': 1.2712794629763453} global_e_acc 0.3590733590733591
  Duration: 4542.030646
train_step 4020 batch loss_d {'emo_loss': 0.56613123} batch metric_d {'emo_acc': 0.6875} positive sum 11.0
train_step 4050 batch loss_d {'emo_loss': 0.7378869} batch metric_d {'emo_acc': 0.71875} positive sum 11.0
train_step 4080 batch loss_d {'emo_loss': 0.86492336} batch metric_d {'emo_acc': 0.5625} positive sum 10.0
train_step 4110 batch loss_d {'emo_loss': 0.62954974} batch metric_d {'emo_acc': 0.84375} positive sum 12.0
train_step 4140 batch loss_d {'emo_loss': 0.67004913} batch metric_d {'emo_acc': 0.6875} positive sum 9.0
train_step 4170 batch loss_d {'emo_loss': 0.5805742} batch metric_d {'emo_acc': 0.6875} positive sum 9.0
train_step 4200 batch loss_d {'emo_loss': 0.8137587} batch metric_d {'emo_acc': 0.65625} positive sum 11.0
train_step 4230 batch loss_d {'emo_loss': 0.6059506} batch metric_d {'emo_acc': 0.8125} positive sum 15.0
train_step 4260 batch loss_d {'emo_loss': 0.8102788} batch metric_d {'emo_acc': 0.625} positive sum 5.0
train_step 4290 batch loss_d {'emo_loss': 0.4952526} batch metric_d {'emo_acc': 0.8125} positive sum 11.0
train_step 4320 batch loss_d {'emo_loss': 0.6425346} batch metric_d {'emo_acc': 0.75} positive sum 7.0
train_step 4350 batch loss_d {'emo_loss': 0.97949445} batch metric_d {'emo_acc': 0.65625} positive sum 8.0
train_step 4380 batch loss_d {'emo_loss': 0.65448886} batch metric_d {'emo_acc': 0.71875} positive sum 10.0
train_step 4410 batch loss_d {'emo_loss': 1.2622552} batch metric_d {'emo_acc': 0.5625} positive sum 8.0
train_step 4440 batch loss_d {'emo_loss': 0.9381763} batch metric_d {'emo_acc': 0.53125} positive sum 7.0
train_step 4470 batch loss_d {'emo_loss': 0.9491986} batch metric_d {'emo_acc': 0.65625} positive sum 5.0
  dev set: metric_d {'emo_acc': 0.6710102976979436} loss_d {'emo_loss': 0.9018106213177494} global_e_acc 0.5096525096525096
    best_acc: 0.671010, best_acc_steps: 4500
    best_loss: 0.901811, best_loss_steps: 4500
  test set: metric_d {'emo_acc': 0.6153474918433598} loss_d {'emo_loss': 1.10784147984733} global_e_acc 0.3552123552123552
  Duration: 5087.635776
train_step 4500 batch loss_d {'emo_loss': 1.0693375} batch metric_d {'emo_acc': 0.78125} positive sum 7.0
train_step 4530 batch loss_d {'emo_loss': 0.6598258} batch metric_d {'emo_acc': 0.71875} positive sum 10.0
train_step 4560 batch loss_d {'emo_loss': 0.7467166} batch metric_d {'emo_acc': 0.65625} positive sum 8.0
train_step 4590 batch loss_d {'emo_loss': 0.7233055} batch metric_d {'emo_acc': 0.75} positive sum 4.0
train_step 4620 batch loss_d {'emo_loss': 0.60032225} batch metric_d {'emo_acc': 0.71875} positive sum 16.0
train_step 4650 batch loss_d {'emo_loss': 0.79935586} batch metric_d {'emo_acc': 0.5625} positive sum 12.0
train_step 4680 batch loss_d {'emo_loss': 1.2586634} batch metric_d {'emo_acc': 0.59375} positive sum 5.0
train_step 4710 batch loss_d {'emo_loss': 0.55329597} batch metric_d {'emo_acc': 0.84375} positive sum 12.0
train_step 4740 batch loss_d {'emo_loss': 0.5859301} batch metric_d {'emo_acc': 0.875} positive sum 5.0
train_step 4770 batch loss_d {'emo_loss': 0.6302005} batch metric_d {'emo_acc': 0.71875} positive sum 11.0
train_step 4800 batch loss_d {'emo_loss': 1.5979772} batch metric_d {'emo_acc': 0.65625} positive sum 8.0
train_step 4830 batch loss_d {'emo_loss': 0.76821303} batch metric_d {'emo_acc': 0.6875} positive sum 9.0
train_step 4860 batch loss_d {'emo_loss': 0.61439466} batch metric_d {'emo_acc': 0.78125} positive sum 11.0
train_step 4890 batch loss_d {'emo_loss': 0.6237805} batch metric_d {'emo_acc': 0.75} positive sum 9.0
train_step 4920 batch loss_d {'emo_loss': 0.7814517} batch metric_d {'emo_acc': 0.71875} positive sum 7.0
train_step 4950 batch loss_d {'emo_loss': 0.7786448} batch metric_d {'emo_acc': 0.6875} positive sum 7.0
train_step 4980 batch loss_d {'emo_loss': 0.52446365} batch metric_d {'emo_acc': 0.875} positive sum 9.0
  dev set: metric_d {'emo_acc': 0.6372265106922871} loss_d {'emo_loss': 1.3101013199242846} global_e_acc 0.3590733590733591
    best_acc: 0.671010, best_acc_steps: 4500
    best_loss: 0.901811, best_loss_steps: 4500
  test set: metric_d {'emo_acc': 0.6039253533691973} loss_d {'emo_loss': 1.4771180007908795} global_e_acc 0.21235521235521235
  Duration: 5653.065586
train_step 5010 batch loss_d {'emo_loss': 0.7552129} batch metric_d {'emo_acc': 0.65625} positive sum 10.0
train_step 5040 batch loss_d {'emo_loss': 0.71228695} batch metric_d {'emo_acc': 0.71875} positive sum 8.0
train_step 5070 batch loss_d {'emo_loss': 1.129516} batch metric_d {'emo_acc': 0.5625} positive sum 5.0
train_step 5100 batch loss_d {'emo_loss': 1.4871929} batch metric_d {'emo_acc': 0.65625} positive sum 6.0
train_step 5130 batch loss_d {'emo_loss': 0.7200412} batch metric_d {'emo_acc': 0.8125} positive sum 7.0
train_step 5160 batch loss_d {'emo_loss': 0.6506673} batch metric_d {'emo_acc': 0.78125} positive sum 7.0
train_step 5190 batch loss_d {'emo_loss': 0.5639142} batch metric_d {'emo_acc': 0.8125} positive sum 9.0
train_step 5220 batch loss_d {'emo_loss': 0.91843957} batch metric_d {'emo_acc': 0.53125} positive sum 7.0
train_step 5250 batch loss_d {'emo_loss': 0.51501} batch metric_d {'emo_acc': 0.6875} positive sum 6.0
train_step 5280 batch loss_d {'emo_loss': 0.54488707} batch metric_d {'emo_acc': 0.78125} positive sum 11.0
train_step 5310 batch loss_d {'emo_loss': 0.7835064} batch metric_d {'emo_acc': 0.625} positive sum 9.0
train_step 5340 batch loss_d {'emo_loss': 0.6444695} batch metric_d {'emo_acc': 0.71875} positive sum 7.0
train_step 5370 batch loss_d {'emo_loss': 0.5239128} batch metric_d {'emo_acc': 0.6875} positive sum 7.0
train_step 5400 batch loss_d {'emo_loss': 0.69854355} batch metric_d {'emo_acc': 0.71875} positive sum 10.0
train_step 5430 batch loss_d {'emo_loss': 0.500394} batch metric_d {'emo_acc': 0.8125} positive sum 12.0
train_step 5460 batch loss_d {'emo_loss': 0.57568264} batch metric_d {'emo_acc': 0.71875} positive sum 8.0
train_step 5490 batch loss_d {'emo_loss': 0.41704783} batch metric_d {'emo_acc': 0.84375} positive sum 7.0
  dev set: metric_d {'emo_acc': 0.699806950094617} loss_d {'emo_loss': 1.007827712532176} global_e_acc 0.4864864864864865
    best_acc: 0.699807, best_acc_steps: 5500
    best_loss: 0.901811, best_loss_steps: 4500
  test set: metric_d {'emo_acc': 0.6583011585312921} loss_d {'emo_loss': 1.2767645645901042} global_e_acc 0.3861003861003861
  Duration: 6197.137851
train_step 5520 batch loss_d {'emo_loss': 0.90194935} batch metric_d {'emo_acc': 0.59375} positive sum 7.0
train_step 5550 batch loss_d {'emo_loss': 0.71727747} batch metric_d {'emo_acc': 0.6875} positive sum 8.0
train_step 5580 batch loss_d {'emo_loss': 0.7107029} batch metric_d {'emo_acc': 0.6875} positive sum 9.0
train_step 5610 batch loss_d {'emo_loss': 0.6147525} batch metric_d {'emo_acc': 0.71875} positive sum 12.0
train_step 5640 batch loss_d {'emo_loss': 0.5448595} batch metric_d {'emo_acc': 0.75} positive sum 10.0
train_step 5670 batch loss_d {'emo_loss': 0.7478632} batch metric_d {'emo_acc': 0.65625} positive sum 9.0
train_step 5700 batch loss_d {'emo_loss': 1.1107926} batch metric_d {'emo_acc': 0.5625} positive sum 8.0
train_step 5730 batch loss_d {'emo_loss': 1.0767614} batch metric_d {'emo_acc': 0.625} positive sum 7.0
train_step 5760 batch loss_d {'emo_loss': 0.6837559} batch metric_d {'emo_acc': 0.78125} positive sum 11.0
train_step 5790 batch loss_d {'emo_loss': 0.5304495} batch metric_d {'emo_acc': 0.8125} positive sum 6.0
train_step 5820 batch loss_d {'emo_loss': 0.83418477} batch metric_d {'emo_acc': 0.71875} positive sum 6.0
train_step 5850 batch loss_d {'emo_loss': 1.0223085} batch metric_d {'emo_acc': 0.71875} positive sum 8.0
train_step 5880 batch loss_d {'emo_loss': 0.6459508} batch metric_d {'emo_acc': 0.75} positive sum 10.0
train_step 5910 batch loss_d {'emo_loss': 0.7236513} batch metric_d {'emo_acc': 0.71875} positive sum 9.0
train_step 5940 batch loss_d {'emo_loss': 0.6078142} batch metric_d {'emo_acc': 0.78125} positive sum 6.0
train_step 5970 batch loss_d {'emo_loss': 0.44472829} batch metric_d {'emo_acc': 0.875} positive sum 11.0
  dev set: metric_d {'emo_acc': 0.665057912181243} loss_d {'emo_loss': 1.076994198514688} global_e_acc 0.4247104247104247
    best_acc: 0.699807, best_acc_steps: 5500
    best_loss: 0.901811, best_loss_steps: 4500
  test set: metric_d {'emo_acc': 0.6425353901381659} loss_d {'emo_loss': 1.2658587625127962} global_e_acc 0.3783783783783784
  Duration: 6757.502814
train_step 6000 batch loss_d {'emo_loss': 0.6184091} batch metric_d {'emo_acc': 0.6875} positive sum 10.0
train_step 6030 batch loss_d {'emo_loss': 0.67957354} batch metric_d {'emo_acc': 0.71875} positive sum 8.0
train_step 6060 batch loss_d {'emo_loss': 0.59440947} batch metric_d {'emo_acc': 0.71875} positive sum 10.0
train_step 6090 batch loss_d {'emo_loss': 0.6864921} batch metric_d {'emo_acc': 0.78125} positive sum 6.0
train_step 6120 batch loss_d {'emo_loss': 0.6046371} batch metric_d {'emo_acc': 0.8125} positive sum 4.0
train_step 6150 batch loss_d {'emo_loss': 0.5194284} batch metric_d {'emo_acc': 0.8125} positive sum 7.0
train_step 6180 batch loss_d {'emo_loss': 0.5846076} batch metric_d {'emo_acc': 0.75} positive sum 10.0
train_step 6210 batch loss_d {'emo_loss': 0.6584715} batch metric_d {'emo_acc': 0.6875} positive sum 9.0
train_step 6240 batch loss_d {'emo_loss': 0.42977008} batch metric_d {'emo_acc': 0.90625} positive sum 9.0
train_step 6270 batch loss_d {'emo_loss': 0.6755204} batch metric_d {'emo_acc': 0.65625} positive sum 11.0
train_step 6300 batch loss_d {'emo_loss': 0.66523695} batch metric_d {'emo_acc': 0.59375} positive sum 14.0
train_step 6330 batch loss_d {'emo_loss': 0.56088495} batch metric_d {'emo_acc': 0.8125} positive sum 7.0
train_step 6360 batch loss_d {'emo_loss': 0.6330825} batch metric_d {'emo_acc': 0.71875} positive sum 10.0
train_step 6390 batch loss_d {'emo_loss': 0.5671904} batch metric_d {'emo_acc': 0.84375} positive sum 9.0
train_step 6420 batch loss_d {'emo_loss': 1.3815603} batch metric_d {'emo_acc': 0.84375} positive sum 4.0
train_step 6450 batch loss_d {'emo_loss': 0.70145434} batch metric_d {'emo_acc': 0.6875} positive sum 6.0
train_step 6480 batch loss_d {'emo_loss': 0.47830755} batch metric_d {'emo_acc': 0.875} positive sum 10.0
  dev set: metric_d {'emo_acc': 0.6809845557544222} loss_d {'emo_loss': 1.0631475795535048} global_e_acc 0.5019305019305019
    best_acc: 0.699807, best_acc_steps: 5500
    best_loss: 0.901811, best_loss_steps: 4500
  test set: metric_d {'emo_acc': 0.6447876434068422} loss_d {'emo_loss': 1.376936979937047} global_e_acc 0.43243243243243246
  Duration: 7308.169450
train_step 6510 batch loss_d {'emo_loss': 0.38146845} batch metric_d {'emo_acc': 0.8125} positive sum 9.0
train_step 6540 batch loss_d {'emo_loss': 0.4998323} batch metric_d {'emo_acc': 0.875} positive sum 7.0
train_step 6570 batch loss_d {'emo_loss': 0.786718} batch metric_d {'emo_acc': 0.65625} positive sum 9.0
train_step 6600 batch loss_d {'emo_loss': 1.0953162} batch metric_d {'emo_acc': 0.65625} positive sum 7.0
train_step 6630 batch loss_d {'emo_loss': 0.6581002} batch metric_d {'emo_acc': 0.8125} positive sum 10.0
train_step 6660 batch loss_d {'emo_loss': 0.68429005} batch metric_d {'emo_acc': 0.6875} positive sum 7.0
train_step 6690 batch loss_d {'emo_loss': 0.44721377} batch metric_d {'emo_acc': 0.78125} positive sum 8.0
train_step 6720 batch loss_d {'emo_loss': 0.54269266} batch metric_d {'emo_acc': 0.8125} positive sum 9.0
train_step 6750 batch loss_d {'emo_loss': 0.5604497} batch metric_d {'emo_acc': 0.78125} positive sum 9.0
train_step 6780 batch loss_d {'emo_loss': 0.5714301} batch metric_d {'emo_acc': 0.78125} positive sum 7.0
train_step 6810 batch loss_d {'emo_loss': 0.36428547} batch metric_d {'emo_acc': 0.8125} positive sum 13.0
train_step 6840 batch loss_d {'emo_loss': 0.24205858} batch metric_d {'emo_acc': 0.9375} positive sum 14.0
train_step 6870 batch loss_d {'emo_loss': 0.5038596} batch metric_d {'emo_acc': 0.90625} positive sum 7.0
train_step 6900 batch loss_d {'emo_loss': 0.5223743} batch metric_d {'emo_acc': 0.78125} positive sum 15.0
train_step 6930 batch loss_d {'emo_loss': 0.5965805} batch metric_d {'emo_acc': 0.71875} positive sum 11.0
train_step 6960 batch loss_d {'emo_loss': 0.5044531} batch metric_d {'emo_acc': 0.8125} positive sum 11.0
train_step 6990 batch loss_d {'emo_loss': 0.40594572} batch metric_d {'emo_acc': 0.84375} positive sum 8.0
  dev set: metric_d {'emo_acc': 0.6805019250362536} loss_d {'emo_loss': 1.096732958230733} global_e_acc 0.4980694980694981
    best_acc: 0.699807, best_acc_steps: 5500
    best_loss: 0.901811, best_loss_steps: 4500
  test set: metric_d {'emo_acc': 0.6537966540651432} loss_d {'emo_loss': 1.488007454453288} global_e_acc 0.4362934362934363
  Duration: 7847.634866
train_step 7020 batch loss_d {'emo_loss': 0.73180133} batch metric_d {'emo_acc': 0.78125} positive sum 6.0
train_step 7050 batch loss_d {'emo_loss': 1.011775} batch metric_d {'emo_acc': 0.65625} positive sum 7.0
train_step 7080 batch loss_d {'emo_loss': 0.60465145} batch metric_d {'emo_acc': 0.8125} positive sum 7.0
train_step 7110 batch loss_d {'emo_loss': 0.5321095} batch metric_d {'emo_acc': 0.90625} positive sum 6.0
train_step 7140 batch loss_d {'emo_loss': 0.51301944} batch metric_d {'emo_acc': 0.71875} positive sum 3.0
train_step 7170 batch loss_d {'emo_loss': 0.37063795} batch metric_d {'emo_acc': 0.875} positive sum 9.0
train_step 7200 batch loss_d {'emo_loss': 0.50119287} batch metric_d {'emo_acc': 0.8125} positive sum 11.0
train_step 7230 batch loss_d {'emo_loss': 0.41784108} batch metric_d {'emo_acc': 0.78125} positive sum 6.0
train_step 7260 batch loss_d {'emo_loss': 0.93091583} batch metric_d {'emo_acc': 0.625} positive sum 6.0
train_step 7290 batch loss_d {'emo_loss': 0.4270892} batch metric_d {'emo_acc': 0.78125} positive sum 11.0
train_step 7320 batch loss_d {'emo_loss': 0.6576235} batch metric_d {'emo_acc': 0.71875} positive sum 9.0
train_step 7350 batch loss_d {'emo_loss': 0.79872775} batch metric_d {'emo_acc': 0.78125} positive sum 8.0
train_step 7380 batch loss_d {'emo_loss': 0.7249073} batch metric_d {'emo_acc': 0.8125} positive sum 8.0
train_step 7410 batch loss_d {'emo_loss': 0.46567845} batch metric_d {'emo_acc': 0.875} positive sum 12.0
train_step 7440 batch loss_d {'emo_loss': 0.28486335} batch metric_d {'emo_acc': 0.96875} positive sum 11.0
train_step 7470 batch loss_d {'emo_loss': 0.91614974} batch metric_d {'emo_acc': 0.71875} positive sum 7.0
  dev set: metric_d {'emo_acc': 0.6566924075937639} loss_d {'emo_loss': 1.2497794911783173} global_e_acc 0.444015444015444
    best_acc: 0.699807, best_acc_steps: 5500
    best_loss: 0.901811, best_loss_steps: 4500
  test set: metric_d {'emo_acc': 0.6356177596972256} loss_d {'emo_loss': 1.5054858180776987} global_e_acc 0.37065637065637064
  Duration: 8400.752651
train_step 7500 batch loss_d {'emo_loss': 0.76867837} batch metric_d {'emo_acc': 0.65625} positive sum 3.0
train_step 7530 batch loss_d {'emo_loss': 0.6329979} batch metric_d {'emo_acc': 0.75} positive sum 10.0
train_step 7560 batch loss_d {'emo_loss': 0.50630003} batch metric_d {'emo_acc': 0.78125} positive sum 12.0
train_step 7590 batch loss_d {'emo_loss': 0.2486906} batch metric_d {'emo_acc': 0.90625} positive sum 6.0
train_step 7620 batch loss_d {'emo_loss': 0.5453026} batch metric_d {'emo_acc': 0.78125} positive sum 3.0
train_step 7650 batch loss_d {'emo_loss': 0.6416199} batch metric_d {'emo_acc': 0.6875} positive sum 12.0
train_step 7680 batch loss_d {'emo_loss': 0.5762589} batch metric_d {'emo_acc': 0.78125} positive sum 8.0
train_step 7710 batch loss_d {'emo_loss': 0.5918128} batch metric_d {'emo_acc': 0.75} positive sum 13.0
train_step 7740 batch loss_d {'emo_loss': 0.50775576} batch metric_d {'emo_acc': 0.84375} positive sum 6.0
train_step 7770 batch loss_d {'emo_loss': 0.44038907} batch metric_d {'emo_acc': 0.8125} positive sum 11.0
train_step 7800 batch loss_d {'emo_loss': 0.45281425} batch metric_d {'emo_acc': 0.875} positive sum 9.0
train_step 7830 batch loss_d {'emo_loss': 0.2745185} batch metric_d {'emo_acc': 0.9375} positive sum 12.0
train_step 7860 batch loss_d {'emo_loss': 0.42937297} batch metric_d {'emo_acc': 0.84375} positive sum 12.0
train_step 7890 batch loss_d {'emo_loss': 0.26235324} batch metric_d {'emo_acc': 0.875} positive sum 12.0
train_step 7920 batch loss_d {'emo_loss': 0.5600732} batch metric_d {'emo_acc': 0.8125} positive sum 11.0
train_step 7950 batch loss_d {'emo_loss': 0.7515502} batch metric_d {'emo_acc': 0.625} positive sum 13.0
train_step 7980 batch loss_d {'emo_loss': 0.52460134} batch metric_d {'emo_acc': 0.75} positive sum 8.0
  dev set: metric_d {'emo_acc': 0.702220078888547} loss_d {'emo_loss': 1.1093655553103414} global_e_acc 0.44787644787644787
    best_acc: 0.702220, best_acc_steps: 8000
    best_loss: 0.901811, best_loss_steps: 4500
  test set: metric_d {'emo_acc': 0.6475225242868814} loss_d {'emo_loss': 1.4672326371936724} global_e_acc 0.4015444015444015
  Duration: 8955.759995
train_step 8010 batch loss_d {'emo_loss': 0.43036693} batch metric_d {'emo_acc': 0.8125} positive sum 14.0
train_step 8040 batch loss_d {'emo_loss': 0.43845195} batch metric_d {'emo_acc': 0.84375} positive sum 4.0
train_step 8070 batch loss_d {'emo_loss': 0.37232408} batch metric_d {'emo_acc': 0.78125} positive sum 11.0
train_step 8100 batch loss_d {'emo_loss': 0.49619043} batch metric_d {'emo_acc': 0.84375} positive sum 8.0
train_step 8130 batch loss_d {'emo_loss': 0.79404086} batch metric_d {'emo_acc': 0.84375} positive sum 3.0
train_step 8160 batch loss_d {'emo_loss': 0.46482927} batch metric_d {'emo_acc': 0.8125} positive sum 11.0
train_step 8190 batch loss_d {'emo_loss': 0.28216696} batch metric_d {'emo_acc': 0.9375} positive sum 10.0
train_step 8220 batch loss_d {'emo_loss': 0.33357924} batch metric_d {'emo_acc': 0.9375} positive sum 9.0
train_step 8250 batch loss_d {'emo_loss': 0.5870383} batch metric_d {'emo_acc': 0.71875} positive sum 8.0
train_step 8280 batch loss_d {'emo_loss': 0.43539268} batch metric_d {'emo_acc': 0.90625} positive sum 13.0
train_step 8310 batch loss_d {'emo_loss': 0.6505363} batch metric_d {'emo_acc': 0.84375} positive sum 9.0
train_step 8340 batch loss_d {'emo_loss': 0.5629866} batch metric_d {'emo_acc': 0.71875} positive sum 6.0
train_step 8370 batch loss_d {'emo_loss': 0.43003917} batch metric_d {'emo_acc': 0.84375} positive sum 10.0
train_step 8400 batch loss_d {'emo_loss': 0.9408833} batch metric_d {'emo_acc': 0.65625} positive sum 13.0
train_step 8430 batch loss_d {'emo_loss': 0.266659} batch metric_d {'emo_acc': 0.90625} positive sum 10.0
train_step 8460 batch loss_d {'emo_loss': 0.6806903} batch metric_d {'emo_acc': 0.75} positive sum 10.0
train_step 8490 batch loss_d {'emo_loss': 0.29243174} batch metric_d {'emo_acc': 0.90625} positive sum 10.0
  dev set: metric_d {'emo_acc': 0.6536357795754915} loss_d {'emo_loss': 1.7132246244454246} global_e_acc 0.46332046332046334
    best_acc: 0.702220, best_acc_steps: 8000
    best_loss: 0.901811, best_loss_steps: 4500
  test set: metric_d {'emo_acc': 0.6422136433451332} loss_d {'emo_loss': 1.804184459922943} global_e_acc 0.40540540540540543
  Duration: 9503.815212
train_step 8520 batch loss_d {'emo_loss': 0.33758157} batch metric_d {'emo_acc': 0.875} positive sum 11.0
train_step 8550 batch loss_d {'emo_loss': 0.64151394} batch metric_d {'emo_acc': 0.8125} positive sum 4.0
train_step 8580 batch loss_d {'emo_loss': 0.36568856} batch metric_d {'emo_acc': 0.875} positive sum 9.0
train_step 8610 batch loss_d {'emo_loss': 0.49824607} batch metric_d {'emo_acc': 0.8125} positive sum 8.0
train_step 8640 batch loss_d {'emo_loss': 0.37537217} batch metric_d {'emo_acc': 0.84375} positive sum 10.0
train_step 8670 batch loss_d {'emo_loss': 0.32439747} batch metric_d {'emo_acc': 0.9375} positive sum 8.0
train_step 8700 batch loss_d {'emo_loss': 0.6722696} batch metric_d {'emo_acc': 0.8125} positive sum 10.0
train_step 8730 batch loss_d {'emo_loss': 0.46432343} batch metric_d {'emo_acc': 0.90625} positive sum 8.0
train_step 8760 batch loss_d {'emo_loss': 0.43325952} batch metric_d {'emo_acc': 0.8125} positive sum 8.0
train_step 8790 batch loss_d {'emo_loss': 0.29916692} batch metric_d {'emo_acc': 0.9375} positive sum 11.0
train_step 8820 batch loss_d {'emo_loss': 0.39369366} batch metric_d {'emo_acc': 0.8125} positive sum 8.0
train_step 8850 batch loss_d {'emo_loss': 0.35011894} batch metric_d {'emo_acc': 0.90625} positive sum 12.0
train_step 8880 batch loss_d {'emo_loss': 0.36646914} batch metric_d {'emo_acc': 0.8125} positive sum 7.0
train_step 8910 batch loss_d {'emo_loss': 0.40034652} batch metric_d {'emo_acc': 0.8125} positive sum 7.0
train_step 8940 batch loss_d {'emo_loss': 0.55671716} batch metric_d {'emo_acc': 0.90625} positive sum 8.0
train_step 8970 batch loss_d {'emo_loss': 0.34573433} batch metric_d {'emo_acc': 0.84375} positive sum 6.0
  dev set: metric_d {'emo_acc': 0.6896718127732111} loss_d {'emo_loss': 1.6132347677406427} global_e_acc 0.47876447876447875
    best_acc: 0.702220, best_acc_steps: 8000
    best_loss: 0.901811, best_loss_steps: 4500
  test set: metric_d {'emo_acc': 0.6566924055800935} loss_d {'emo_loss': 1.9319075525856961} global_e_acc 0.42084942084942084
  Duration: 10030.811218
train_step 9000 batch loss_d {'emo_loss': 0.7917534} batch metric_d {'emo_acc': 0.71875} positive sum 9.0
train_step 9030 batch loss_d {'emo_loss': 0.29554746} batch metric_d {'emo_acc': 0.875} positive sum 9.0
train_step 9060 batch loss_d {'emo_loss': 1.2672317} batch metric_d {'emo_acc': 0.75} positive sum 5.0
train_step 9090 batch loss_d {'emo_loss': 0.3098134} batch metric_d {'emo_acc': 0.875} positive sum 8.0
train_step 9120 batch loss_d {'emo_loss': 0.37990874} batch metric_d {'emo_acc': 0.875} positive sum 11.0
train_step 9150 batch loss_d {'emo_loss': 1.4498386} batch metric_d {'emo_acc': 0.65625} positive sum 6.0
train_step 9180 batch loss_d {'emo_loss': 0.52554476} batch metric_d {'emo_acc': 0.8125} positive sum 9.0
train_step 9210 batch loss_d {'emo_loss': 0.55036056} batch metric_d {'emo_acc': 0.78125} positive sum 10.0
train_step 9240 batch loss_d {'emo_loss': 0.2775539} batch metric_d {'emo_acc': 0.9375} positive sum 8.0
train_step 9270 batch loss_d {'emo_loss': 0.30396318} batch metric_d {'emo_acc': 0.90625} positive sum 8.0
train_step 9300 batch loss_d {'emo_loss': 1.1749343} batch metric_d {'emo_acc': 0.84375} positive sum 8.0
train_step 9330 batch loss_d {'emo_loss': 0.45910424} batch metric_d {'emo_acc': 0.84375} positive sum 10.0
train_step 9360 batch loss_d {'emo_loss': 0.68362266} batch metric_d {'emo_acc': 0.71875} positive sum 6.0
train_step 9390 batch loss_d {'emo_loss': 0.24104281} batch metric_d {'emo_acc': 0.9375} positive sum 10.0
train_step 9420 batch loss_d {'emo_loss': 0.44548038} batch metric_d {'emo_acc': 0.84375} positive sum 11.0
train_step 9450 batch loss_d {'emo_loss': 0.9362461} batch metric_d {'emo_acc': 0.65625} positive sum 9.0
train_step 9480 batch loss_d {'emo_loss': 0.3323622} batch metric_d {'emo_acc': 0.90625} positive sum 10.0
  dev set: metric_d {'emo_acc': 0.6861325616311843} loss_d {'emo_loss': 1.8331369794617518} global_e_acc 0.444015444015444
    best_acc: 0.702220, best_acc_steps: 8000
    best_loss: 0.901811, best_loss_steps: 4500
  test set: metric_d {'emo_acc': 0.6655405429569451} loss_d {'emo_loss': 2.1837838637322533} global_e_acc 0.4015444015444015
  Duration: 10596.919997
train_step 9510 batch loss_d {'emo_loss': 0.6230161} batch metric_d {'emo_acc': 0.8125} positive sum 6.0
train_step 9540 batch loss_d {'emo_loss': 0.26373103} batch metric_d {'emo_acc': 0.875} positive sum 9.0
train_step 9570 batch loss_d {'emo_loss': 0.42627066} batch metric_d {'emo_acc': 0.84375} positive sum 11.0
train_step 9600 batch loss_d {'emo_loss': 0.4038505} batch metric_d {'emo_acc': 0.90625} positive sum 10.0
train_step 9630 batch loss_d {'emo_loss': 0.36357385} batch metric_d {'emo_acc': 0.84375} positive sum 7.0
train_step 9660 batch loss_d {'emo_loss': 0.41687417} batch metric_d {'emo_acc': 0.84375} positive sum 9.0
train_step 9690 batch loss_d {'emo_loss': 0.12881084} batch metric_d {'emo_acc': 0.96875} positive sum 13.0
train_step 9720 batch loss_d {'emo_loss': 0.55809003} batch metric_d {'emo_acc': 0.71875} positive sum 8.0
train_step 9750 batch loss_d {'emo_loss': 0.47717193} batch metric_d {'emo_acc': 0.84375} positive sum 8.0
train_step 9780 batch loss_d {'emo_loss': 0.47275168} batch metric_d {'emo_acc': 0.84375} positive sum 8.0
train_step 9810 batch loss_d {'emo_loss': 0.4295548} batch metric_d {'emo_acc': 0.875} positive sum 6.0
train_step 9840 batch loss_d {'emo_loss': 0.3736393} batch metric_d {'emo_acc': 0.90625} positive sum 6.0
train_step 9870 batch loss_d {'emo_loss': 0.37441462} batch metric_d {'emo_acc': 0.84375} positive sum 9.0
train_step 9900 batch loss_d {'emo_loss': 0.61406285} batch metric_d {'emo_acc': 0.90625} positive sum 7.0
train_step 9930 batch loss_d {'emo_loss': 0.36478752} batch metric_d {'emo_acc': 0.875} positive sum 6.0
train_step 9960 batch loss_d {'emo_loss': 0.47813714} batch metric_d {'emo_acc': 0.84375} positive sum 14.0
train_step 9990 batch loss_d {'emo_loss': 0.28105062} batch metric_d {'emo_acc': 0.9375} positive sum 11.0
  dev set: metric_d {'emo_acc': 0.7149292138552573} loss_d {'emo_loss': 1.7972773751315865} global_e_acc 0.4864864864864865
    best_acc: 0.714929, best_acc_steps: 10000
    best_loss: 0.901811, best_loss_steps: 4500
  test set: metric_d {'emo_acc': 0.6885456898497798} loss_d {'emo_loss': 2.3204564444512186} global_e_acc 0.40540540540540543
  Duration: 11181.796860
train_step 10020 batch loss_d {'emo_loss': 0.35898808} batch metric_d {'emo_acc': 0.90625} positive sum 10.0
train_step 10050 batch loss_d {'emo_loss': 0.6467835} batch metric_d {'emo_acc': 0.75} positive sum 8.0
train_step 10080 batch loss_d {'emo_loss': 0.33727908} batch metric_d {'emo_acc': 0.90625} positive sum 6.0
train_step 10110 batch loss_d {'emo_loss': 0.5125361} batch metric_d {'emo_acc': 0.75} positive sum 8.0
train_step 10140 batch loss_d {'emo_loss': 0.59196043} batch metric_d {'emo_acc': 0.78125} positive sum 4.0
train_step 10170 batch loss_d {'emo_loss': 0.36728966} batch metric_d {'emo_acc': 0.90625} positive sum 8.0
train_step 10200 batch loss_d {'emo_loss': 0.67947817} batch metric_d {'emo_acc': 0.75} positive sum 10.0
train_step 10230 batch loss_d {'emo_loss': 0.2955764} batch metric_d {'emo_acc': 0.90625} positive sum 5.0
train_step 10260 batch loss_d {'emo_loss': 0.3818324} batch metric_d {'emo_acc': 0.875} positive sum 7.0
train_step 10290 batch loss_d {'emo_loss': 0.5524115} batch metric_d {'emo_acc': 0.84375} positive sum 7.0
train_step 10320 batch loss_d {'emo_loss': 0.10257442} batch metric_d {'emo_acc': 1.0} positive sum 13.0
train_step 10350 batch loss_d {'emo_loss': 0.15313625} batch metric_d {'emo_acc': 0.90625} positive sum 11.0
train_step 10380 batch loss_d {'emo_loss': 0.18930632} batch metric_d {'emo_acc': 0.9375} positive sum 6.0
train_step 10410 batch loss_d {'emo_loss': 0.47754958} batch metric_d {'emo_acc': 0.8125} positive sum 8.0
train_step 10440 batch loss_d {'emo_loss': 0.2668091} batch metric_d {'emo_acc': 0.9375} positive sum 8.0
train_step 10470 batch loss_d {'emo_loss': 0.120965496} batch metric_d {'emo_acc': 0.96875} positive sum 12.0
  dev set: metric_d {'emo_acc': 0.7072072091249886} loss_d {'emo_loss': 2.1982570466042484} global_e_acc 0.4555984555984556
    best_acc: 0.714929, best_acc_steps: 10000
    best_loss: 0.901811, best_loss_steps: 4500
  test set: metric_d {'emo_acc': 0.6632882892855346} loss_d {'emo_loss': 2.6659006728398755} global_e_acc 0.3861003861003861
  Duration: 11763.260600
train_step 10500 batch loss_d {'emo_loss': 0.35584307} batch metric_d {'emo_acc': 0.84375} positive sum 5.0
train_step 10530 batch loss_d {'emo_loss': 0.15700698} batch metric_d {'emo_acc': 0.9375} positive sum 12.0
train_step 10560 batch loss_d {'emo_loss': 0.25122076} batch metric_d {'emo_acc': 0.90625} positive sum 10.0
train_step 10590 batch loss_d {'emo_loss': 0.25212944} batch metric_d {'emo_acc': 0.84375} positive sum 6.0
train_step 10620 batch loss_d {'emo_loss': 0.19492027} batch metric_d {'emo_acc': 0.90625} positive sum 12.0
train_step 10650 batch loss_d {'emo_loss': 0.62325114} batch metric_d {'emo_acc': 0.75} positive sum 9.0
train_step 10680 batch loss_d {'emo_loss': 0.19601649} batch metric_d {'emo_acc': 0.9375} positive sum 5.0
train_step 10710 batch loss_d {'emo_loss': 0.64117116} batch metric_d {'emo_acc': 0.78125} positive sum 10.0
train_step 10740 batch loss_d {'emo_loss': 0.19503045} batch metric_d {'emo_acc': 0.96875} positive sum 13.0
train_step 10770 batch loss_d {'emo_loss': 0.34079972} batch metric_d {'emo_acc': 0.9375} positive sum 10.0
train_step 10800 batch loss_d {'emo_loss': 1.169642} batch metric_d {'emo_acc': 0.78125} positive sum 8.0
train_step 10830 batch loss_d {'emo_loss': 0.3404011} batch metric_d {'emo_acc': 0.9375} positive sum 7.0
train_step 10860 batch loss_d {'emo_loss': 0.12557063} batch metric_d {'emo_acc': 0.96875} positive sum 19.0
train_step 10890 batch loss_d {'emo_loss': 0.16429985} batch metric_d {'emo_acc': 0.9375} positive sum 12.0
train_step 10920 batch loss_d {'emo_loss': 0.17647141} batch metric_d {'emo_acc': 0.96875} positive sum 10.0
train_step 10950 batch loss_d {'emo_loss': 0.6696215} batch metric_d {'emo_acc': 0.8125} positive sum 9.0
train_step 10980 batch loss_d {'emo_loss': 0.16366182} batch metric_d {'emo_acc': 0.96875} positive sum 11.0
  dev set: metric_d {'emo_acc': 0.7070463289395262} loss_d {'emo_loss': 1.849847848969422} global_e_acc 0.4942084942084942
    best_acc: 0.714929, best_acc_steps: 10000
    best_loss: 0.901811, best_loss_steps: 4500
  test set: metric_d {'emo_acc': 0.6610360363045255} loss_d {'emo_loss': 2.357805579958275} global_e_acc 0.416988416988417
  Duration: 12340.792702
train_step 11010 batch loss_d {'emo_loss': 0.33356202} batch metric_d {'emo_acc': 0.90625} positive sum 6.0
train_step 11040 batch loss_d {'emo_loss': 0.2664621} batch metric_d {'emo_acc': 0.84375} positive sum 9.0
train_step 11070 batch loss_d {'emo_loss': 0.3284582} batch metric_d {'emo_acc': 0.875} positive sum 11.0
train_step 11100 batch loss_d {'emo_loss': 0.81224984} batch metric_d {'emo_acc': 0.84375} positive sum 9.0
train_step 11130 batch loss_d {'emo_loss': 0.16368735} batch metric_d {'emo_acc': 0.90625} positive sum 8.0
train_step 11160 batch loss_d {'emo_loss': 0.22905545} batch metric_d {'emo_acc': 0.9375} positive sum 9.0
train_step 11190 batch loss_d {'emo_loss': 0.19000208} batch metric_d {'emo_acc': 0.9375} positive sum 10.0
train_step 11220 batch loss_d {'emo_loss': 0.36850604} batch metric_d {'emo_acc': 0.84375} positive sum 10.0
train_step 11250 batch loss_d {'emo_loss': 0.31851235} batch metric_d {'emo_acc': 0.84375} positive sum 4.0
train_step 11280 batch loss_d {'emo_loss': 0.23196629} batch metric_d {'emo_acc': 0.96875} positive sum 10.0
train_step 11310 batch loss_d {'emo_loss': 0.6287676} batch metric_d {'emo_acc': 0.875} positive sum 10.0
train_step 11340 batch loss_d {'emo_loss': 0.1863338} batch metric_d {'emo_acc': 0.9375} positive sum 10.0
train_step 11370 batch loss_d {'emo_loss': 0.31248045} batch metric_d {'emo_acc': 0.90625} positive sum 12.0
train_step 11400 batch loss_d {'emo_loss': 0.32383117} batch metric_d {'emo_acc': 0.90625} positive sum 11.0
train_step 11430 batch loss_d {'emo_loss': 0.12688555} batch metric_d {'emo_acc': 0.9375} positive sum 11.0
train_step 11460 batch loss_d {'emo_loss': 0.20530657} batch metric_d {'emo_acc': 0.9375} positive sum 11.0
train_step 11490 batch loss_d {'emo_loss': 0.20697537} batch metric_d {'emo_acc': 0.90625} positive sum 9.0
  dev set: metric_d {'emo_acc': 0.6745495493577714} loss_d {'emo_loss': 2.162951783719383} global_e_acc 0.4092664092664093
    best_acc: 0.714929, best_acc_steps: 10000
    best_loss: 0.901811, best_loss_steps: 4500
  test set: metric_d {'emo_acc': 0.6270913787790247} loss_d {'emo_loss': 2.466392294334744} global_e_acc 0.3436293436293436
  Duration: 12870.790331
train_step 11520 batch loss_d {'emo_loss': 0.51876664} batch metric_d {'emo_acc': 0.8125} positive sum 5.0
train_step 11550 batch loss_d {'emo_loss': 0.4810528} batch metric_d {'emo_acc': 0.9375} positive sum 12.0
train_step 11580 batch loss_d {'emo_loss': 0.073076576} batch metric_d {'emo_acc': 0.96875} positive sum 6.0
train_step 11610 batch loss_d {'emo_loss': 0.27462092} batch metric_d {'emo_acc': 0.90625} positive sum 8.0
train_step 11640 batch loss_d {'emo_loss': 0.17863801} batch metric_d {'emo_acc': 0.96875} positive sum 11.0
train_step 11670 batch loss_d {'emo_loss': 0.3900794} batch metric_d {'emo_acc': 0.84375} positive sum 10.0
train_step 11700 batch loss_d {'emo_loss': 0.61298275} batch metric_d {'emo_acc': 0.84375} positive sum 10.0
train_step 11730 batch loss_d {'emo_loss': 0.25325733} batch metric_d {'emo_acc': 0.90625} positive sum 12.0
train_step 11760 batch loss_d {'emo_loss': 0.26455647} batch metric_d {'emo_acc': 0.9375} positive sum 6.0
train_step 11790 batch loss_d {'emo_loss': 0.39604887} batch metric_d {'emo_acc': 0.9375} positive sum 3.0
train_step 11820 batch loss_d {'emo_loss': 0.26812533} batch metric_d {'emo_acc': 0.9375} positive sum 13.0
train_step 11850 batch loss_d {'emo_loss': 0.46852362} batch metric_d {'emo_acc': 0.78125} positive sum 5.0
train_step 11880 batch loss_d {'emo_loss': 0.13272306} batch metric_d {'emo_acc': 0.96875} positive sum 11.0
train_step 11910 batch loss_d {'emo_loss': 0.14924265} batch metric_d {'emo_acc': 0.9375} positive sum 9.0
train_step 11940 batch loss_d {'emo_loss': 0.114532486} batch metric_d {'emo_acc': 0.9375} positive sum 3.0
train_step 11970 batch loss_d {'emo_loss': 0.1234967} batch metric_d {'emo_acc': 0.96875} positive sum 7.0
  dev set: metric_d {'emo_acc': 0.7152509645605639} loss_d {'emo_loss': 2.439966383242699} global_e_acc 0.4942084942084942
    best_acc: 0.715251, best_acc_steps: 12000
    best_loss: 0.901811, best_loss_steps: 4500
  test set: metric_d {'emo_acc': 0.6729407984777768} loss_d {'emo_loss': 2.977948461087514} global_e_acc 0.3938223938223938
  Duration: 13433.586595
train_step 12000 batch loss_d {'emo_loss': 0.6779446} batch metric_d {'emo_acc': 0.90625} positive sum 6.0
train_step 12030 batch loss_d {'emo_loss': 0.31661934} batch metric_d {'emo_acc': 0.9375} positive sum 9.0
train_step 12060 batch loss_d {'emo_loss': 0.24894372} batch metric_d {'emo_acc': 0.96875} positive sum 9.0
train_step 12090 batch loss_d {'emo_loss': 0.27875853} batch metric_d {'emo_acc': 0.875} positive sum 10.0
train_step 12120 batch loss_d {'emo_loss': 0.22920963} batch metric_d {'emo_acc': 0.9375} positive sum 7.0
train_step 12150 batch loss_d {'emo_loss': 0.33525288} batch metric_d {'emo_acc': 0.84375} positive sum 6.0
train_step 12180 batch loss_d {'emo_loss': 0.14506854} batch metric_d {'emo_acc': 0.9375} positive sum 9.0
train_step 12210 batch loss_d {'emo_loss': 0.14894833} batch metric_d {'emo_acc': 0.96875} positive sum 6.0
train_step 12240 batch loss_d {'emo_loss': 0.12694396} batch metric_d {'emo_acc': 0.9375} positive sum 11.0
train_step 12270 batch loss_d {'emo_loss': 0.20818788} batch metric_d {'emo_acc': 0.9375} positive sum 9.0
train_step 12300 batch loss_d {'emo_loss': 0.34841383} batch metric_d {'emo_acc': 0.875} positive sum 8.0
train_step 12330 batch loss_d {'emo_loss': 0.32285792} batch metric_d {'emo_acc': 0.96875} positive sum 8.0
train_step 12360 batch loss_d {'emo_loss': 0.2565479} batch metric_d {'emo_acc': 0.9375} positive sum 5.0
train_step 12390 batch loss_d {'emo_loss': 0.17574726} batch metric_d {'emo_acc': 0.96875} positive sum 11.0
train_step 12420 batch loss_d {'emo_loss': 0.2570644} batch metric_d {'emo_acc': 0.90625} positive sum 6.0
train_step 12450 batch loss_d {'emo_loss': 0.4201359} batch metric_d {'emo_acc': 0.90625} positive sum 9.0
train_step 12480 batch loss_d {'emo_loss': 0.2687956} batch metric_d {'emo_acc': 0.875} positive sum 7.0
  dev set: metric_d {'emo_acc': 0.705276706849286} loss_d {'emo_loss': 2.1553914311115405} global_e_acc 0.4980694980694981
    best_acc: 0.715251, best_acc_steps: 12000
    best_loss: 0.901811, best_loss_steps: 4500
  test set: metric_d {'emo_acc': 0.6602316601165934} loss_d {'emo_loss': 2.476485400516396} global_e_acc 0.40540540540540543
  Duration: 13995.240808
train_step 12510 batch loss_d {'emo_loss': 0.14444116} batch metric_d {'emo_acc': 0.9375} positive sum 7.0
train_step 12540 batch loss_d {'emo_loss': 0.34173223} batch metric_d {'emo_acc': 0.9375} positive sum 10.0
train_step 12570 batch loss_d {'emo_loss': 0.31347406} batch metric_d {'emo_acc': 0.9375} positive sum 9.0
train_step 12600 batch loss_d {'emo_loss': 0.6003955} batch metric_d {'emo_acc': 0.875} positive sum 6.0
train_step 12630 batch loss_d {'emo_loss': 0.17330286} batch metric_d {'emo_acc': 0.96875} positive sum 11.0
train_step 12660 batch loss_d {'emo_loss': 0.9901522} batch metric_d {'emo_acc': 0.875} positive sum 6.0
train_step 12690 batch loss_d {'emo_loss': 0.107868895} batch metric_d {'emo_acc': 1.0} positive sum 8.0
train_step 12720 batch loss_d {'emo_loss': 0.091984406} batch metric_d {'emo_acc': 1.0} positive sum 11.0
train_step 12750 batch loss_d {'emo_loss': 0.24355206} batch metric_d {'emo_acc': 0.9375} positive sum 8.0
train_step 12780 batch loss_d {'emo_loss': 0.14474408} batch metric_d {'emo_acc': 0.9375} positive sum 13.0
train_step 12810 batch loss_d {'emo_loss': 0.31506312} batch metric_d {'emo_acc': 0.9375} positive sum 4.0
train_step 12840 batch loss_d {'emo_loss': 0.07682126} batch metric_d {'emo_acc': 1.0} positive sum 10.0
train_step 12870 batch loss_d {'emo_loss': 0.24790674} batch metric_d {'emo_acc': 0.84375} positive sum 7.0
train_step 12900 batch loss_d {'emo_loss': 0.1332773} batch metric_d {'emo_acc': 0.96875} positive sum 11.0
train_step 12930 batch loss_d {'emo_loss': 0.16267858} batch metric_d {'emo_acc': 0.96875} positive sum 8.0
train_step 12960 batch loss_d {'emo_loss': 0.13210839} batch metric_d {'emo_acc': 0.96875} positive sum 10.0
train_step 12990 batch loss_d {'emo_loss': 0.025747819} batch metric_d {'emo_acc': 1.0} positive sum 11.0
  dev set: metric_d {'emo_acc': 0.711872587275321} loss_d {'emo_loss': 2.201999840236711} global_e_acc 0.4980694980694981
    best_acc: 0.715251, best_acc_steps: 12000
    best_loss: 0.901811, best_loss_steps: 4500
  test set: metric_d {'emo_acc': 0.6615186621323516} loss_d {'emo_loss': 2.6672292403215145} global_e_acc 0.3861003861003861
  Duration: 14570.708568
train_step 13020 batch loss_d {'emo_loss': 0.14949574} batch metric_d {'emo_acc': 0.96875} positive sum 13.0
train_step 13050 batch loss_d {'emo_loss': 0.25588822} batch metric_d {'emo_acc': 0.9375} positive sum 13.0
train_step 13080 batch loss_d {'emo_loss': 0.12932026} batch metric_d {'emo_acc': 1.0} positive sum 9.0
train_step 13110 batch loss_d {'emo_loss': 0.37473765} batch metric_d {'emo_acc': 0.96875} positive sum 7.0
train_step 13140 batch loss_d {'emo_loss': 0.1918309} batch metric_d {'emo_acc': 0.96875} positive sum 13.0
train_step 13170 batch loss_d {'emo_loss': 0.26862454} batch metric_d {'emo_acc': 0.875} positive sum 7.0
train_step 13200 batch loss_d {'emo_loss': 0.7876658} batch metric_d {'emo_acc': 0.8125} positive sum 10.0
train_step 13230 batch loss_d {'emo_loss': 0.2162602} batch metric_d {'emo_acc': 0.96875} positive sum 8.0
train_step 13260 batch loss_d {'emo_loss': 0.26424778} batch metric_d {'emo_acc': 0.96875} positive sum 11.0
train_step 13290 batch loss_d {'emo_loss': 0.091711715} batch metric_d {'emo_acc': 1.0} positive sum 11.0
train_step 13320 batch loss_d {'emo_loss': 0.2584734} batch metric_d {'emo_acc': 0.9375} positive sum 11.0
train_step 13350 batch loss_d {'emo_loss': 0.23209627} batch metric_d {'emo_acc': 0.9375} positive sum 12.0
train_step 13380 batch loss_d {'emo_loss': 0.31735167} batch metric_d {'emo_acc': 0.9375} positive sum 9.0
train_step 13410 batch loss_d {'emo_loss': 0.084742285} batch metric_d {'emo_acc': 0.96875} positive sum 10.0
train_step 13440 batch loss_d {'emo_loss': 0.09449163} batch metric_d {'emo_acc': 0.96875} positive sum 12.0
train_step 13470 batch loss_d {'emo_loss': 0.1634878} batch metric_d {'emo_acc': 0.96875} positive sum 14.0
  dev set: metric_d {'emo_acc': 0.7240991018223486} loss_d {'emo_loss': 2.1749500379534474} global_e_acc 0.5057915057915058
    best_acc: 0.724099, best_acc_steps: 13500
    best_loss: 0.901811, best_loss_steps: 4500
  test set: metric_d {'emo_acc': 0.6671492931465385} loss_d {'emo_loss': 2.9377096104849145} global_e_acc 0.39768339768339767
  Duration: 15103.785808
train_step 13500 batch loss_d {'emo_loss': 0.24498262} batch metric_d {'emo_acc': 0.875} positive sum 5.0
train_step 13530 batch loss_d {'emo_loss': 0.15867397} batch metric_d {'emo_acc': 0.96875} positive sum 8.0
train_step 13560 batch loss_d {'emo_loss': 0.36163014} batch metric_d {'emo_acc': 0.84375} positive sum 5.0
train_step 13590 batch loss_d {'emo_loss': 0.11162901} batch metric_d {'emo_acc': 0.96875} positive sum 11.0
train_step 13620 batch loss_d {'emo_loss': 0.1071042} batch metric_d {'emo_acc': 1.0} positive sum 9.0
train_step 13650 batch loss_d {'emo_loss': 1.4445406} batch metric_d {'emo_acc': 0.9375} positive sum 7.0
train_step 13680 batch loss_d {'emo_loss': 0.24883181} batch metric_d {'emo_acc': 1.0} positive sum 5.0
train_step 13710 batch loss_d {'emo_loss': 0.16839482} batch metric_d {'emo_acc': 0.9375} positive sum 11.0
train_step 13740 batch loss_d {'emo_loss': 0.15653238} batch metric_d {'emo_acc': 0.9375} positive sum 7.0
train_step 13770 batch loss_d {'emo_loss': 0.111100435} batch metric_d {'emo_acc': 0.96875} positive sum 9.0
train_step 13800 batch loss_d {'emo_loss': 0.16280593} batch metric_d {'emo_acc': 0.9375} positive sum 10.0
train_step 13830 batch loss_d {'emo_loss': 0.105034366} batch metric_d {'emo_acc': 1.0} positive sum 9.0
train_step 13860 batch loss_d {'emo_loss': 0.33057985} batch metric_d {'emo_acc': 0.8125} positive sum 10.0
train_step 13890 batch loss_d {'emo_loss': 0.14085668} batch metric_d {'emo_acc': 0.96875} positive sum 9.0
train_step 13920 batch loss_d {'emo_loss': 0.6514493} batch metric_d {'emo_acc': 0.84375} positive sum 11.0
train_step 13950 batch loss_d {'emo_loss': 0.37849572} batch metric_d {'emo_acc': 0.8125} positive sum 11.0
train_step 13980 batch loss_d {'emo_loss': 0.15757243} batch metric_d {'emo_acc': 0.96875} positive sum 9.0
  dev set: metric_d {'emo_acc': 0.7372908633648199} loss_d {'emo_loss': 2.412965887905778} global_e_acc 0.5212355212355212
    best_acc: 0.737291, best_acc_steps: 14000
    best_loss: 0.901811, best_loss_steps: 4500
  test set: metric_d {'emo_acc': 0.6718146731954744} loss_d {'emo_loss': 3.1243086757577063} global_e_acc 0.40540540540540543
  Duration: 15623.292977
train_step 14010 batch loss_d {'emo_loss': 0.4083131} batch metric_d {'emo_acc': 0.9375} positive sum 8.0
train_step 14040 batch loss_d {'emo_loss': 0.09044855} batch metric_d {'emo_acc': 0.96875} positive sum 9.0
train_step 14070 batch loss_d {'emo_loss': 0.1427832} batch metric_d {'emo_acc': 0.9375} positive sum 5.0
train_step 14100 batch loss_d {'emo_loss': 0.34930962} batch metric_d {'emo_acc': 0.90625} positive sum 8.0
train_step 14130 batch loss_d {'emo_loss': 0.10477543} batch metric_d {'emo_acc': 0.96875} positive sum 8.0
train_step 14160 batch loss_d {'emo_loss': 0.21024594} batch metric_d {'emo_acc': 0.96875} positive sum 13.0
train_step 14190 batch loss_d {'emo_loss': 0.092449084} batch metric_d {'emo_acc': 0.96875} positive sum 10.0
train_step 14220 batch loss_d {'emo_loss': 0.17376748} batch metric_d {'emo_acc': 0.96875} positive sum 7.0
train_step 14250 batch loss_d {'emo_loss': 0.6188049} batch metric_d {'emo_acc': 0.8125} positive sum 9.0
train_step 14280 batch loss_d {'emo_loss': 0.083002485} batch metric_d {'emo_acc': 1.0} positive sum 7.0
train_step 14310 batch loss_d {'emo_loss': 0.10836164} batch metric_d {'emo_acc': 0.96875} positive sum 13.0
train_step 14340 batch loss_d {'emo_loss': 0.0504129} batch metric_d {'emo_acc': 1.0} positive sum 9.0
train_step 14370 batch loss_d {'emo_loss': 0.18910801} batch metric_d {'emo_acc': 1.0} positive sum 7.0
train_step 14400 batch loss_d {'emo_loss': 0.22505155} batch metric_d {'emo_acc': 0.90625} positive sum 12.0
train_step 14430 batch loss_d {'emo_loss': 0.13673943} batch metric_d {'emo_acc': 0.96875} positive sum 6.0
train_step 14460 batch loss_d {'emo_loss': 0.14146549} batch metric_d {'emo_acc': 0.9375} positive sum 11.0
train_step 14490 batch loss_d {'emo_loss': 0.05501633} batch metric_d {'emo_acc': 0.96875} positive sum 8.0
  dev set: metric_d {'emo_acc': 0.7371299887025679} loss_d {'emo_loss': 2.5618850238033315} global_e_acc 0.5173745173745173
    best_acc: 0.737291, best_acc_steps: 14000
    best_loss: 0.901811, best_loss_steps: 4500
  test set: metric_d {'emo_acc': 0.6853281864788542} loss_d {'emo_loss': 3.095071055800528} global_e_acc 0.416988416988417
  Duration: 16146.921149
train_step 14520 batch loss_d {'emo_loss': 0.1244932} batch metric_d {'emo_acc': 0.96875} positive sum 7.0
train_step 14550 batch loss_d {'emo_loss': 0.13559002} batch metric_d {'emo_acc': 0.9375} positive sum 8.0
train_step 14580 batch loss_d {'emo_loss': 0.08012157} batch metric_d {'emo_acc': 0.96875} positive sum 7.0
train_step 14610 batch loss_d {'emo_loss': 0.067886375} batch metric_d {'emo_acc': 0.96875} positive sum 9.0
train_step 14640 batch loss_d {'emo_loss': 0.24224797} batch metric_d {'emo_acc': 0.84375} positive sum 8.0
train_step 14670 batch loss_d {'emo_loss': 0.22204083} batch metric_d {'emo_acc': 1.0} positive sum 8.0
train_step 14700 batch loss_d {'emo_loss': 0.28395835} batch metric_d {'emo_acc': 0.875} positive sum 10.0
train_step 14730 batch loss_d {'emo_loss': 0.15548015} batch metric_d {'emo_acc': 0.9375} positive sum 5.0
train_step 14760 batch loss_d {'emo_loss': 0.10606596} batch metric_d {'emo_acc': 1.0} positive sum 9.0
train_step 14790 batch loss_d {'emo_loss': 0.06483181} batch metric_d {'emo_acc': 1.0} positive sum 11.0
train_step 14820 batch loss_d {'emo_loss': 0.2539695} batch metric_d {'emo_acc': 0.9375} positive sum 8.0
train_step 14850 batch loss_d {'emo_loss': 0.3764824} batch metric_d {'emo_acc': 0.90625} positive sum 9.0
train_step 14880 batch loss_d {'emo_loss': 0.09159562} batch metric_d {'emo_acc': 1.0} positive sum 8.0
train_step 14910 batch loss_d {'emo_loss': 0.07924065} batch metric_d {'emo_acc': 1.0} positive sum 11.0
train_step 14940 batch loss_d {'emo_loss': 0.0318224} batch metric_d {'emo_acc': 1.0} positive sum 8.0
train_step 14970 batch loss_d {'emo_loss': 0.06672849} batch metric_d {'emo_acc': 1.0} positive sum 11.0
  dev set: metric_d {'emo_acc': 0.7276383533671096} loss_d {'emo_loss': 2.5269328120621246} global_e_acc 0.5135135135135135
    best_acc: 0.737291, best_acc_steps: 14000
    best_loss: 0.901811, best_loss_steps: 4500
  test set: metric_d {'emo_acc': 0.6740669249107478} loss_d {'emo_loss': 3.2338526557886462} global_e_acc 0.3745173745173745
  Duration: 16693.479426
train_step 15000 batch loss_d {'emo_loss': 0.23088434} batch metric_d {'emo_acc': 0.96875} positive sum 9.0
train_step 15030 batch loss_d {'emo_loss': 0.08643042} batch metric_d {'emo_acc': 1.0} positive sum 10.0
train_step 15060 batch loss_d {'emo_loss': 0.33006495} batch metric_d {'emo_acc': 0.84375} positive sum 13.0
train_step 15090 batch loss_d {'emo_loss': 0.15509668} batch metric_d {'emo_acc': 1.0} positive sum 8.0
train_step 15120 batch loss_d {'emo_loss': 0.2873939} batch metric_d {'emo_acc': 0.875} positive sum 10.0
train_step 15150 batch loss_d {'emo_loss': 0.2204991} batch metric_d {'emo_acc': 0.9375} positive sum 12.0
train_step 15180 batch loss_d {'emo_loss': 0.015786093} batch metric_d {'emo_acc': 1.0} positive sum 11.0
train_step 15210 batch loss_d {'emo_loss': 0.04310944} batch metric_d {'emo_acc': 1.0} positive sum 13.0
train_step 15240 batch loss_d {'emo_loss': 0.10652292} batch metric_d {'emo_acc': 1.0} positive sum 12.0
train_step 15270 batch loss_d {'emo_loss': 0.16032843} batch metric_d {'emo_acc': 0.96875} positive sum 5.0
train_step 15300 batch loss_d {'emo_loss': 0.07241065} batch metric_d {'emo_acc': 0.96875} positive sum 5.0
train_step 15330 batch loss_d {'emo_loss': 0.062587656} batch metric_d {'emo_acc': 1.0} positive sum 8.0
train_step 15360 batch loss_d {'emo_loss': 0.1870942} batch metric_d {'emo_acc': 0.9375} positive sum 10.0
train_step 15390 batch loss_d {'emo_loss': 0.15403983} batch metric_d {'emo_acc': 0.9375} positive sum 9.0
train_step 15420 batch loss_d {'emo_loss': 0.23244566} batch metric_d {'emo_acc': 0.9375} positive sum 8.0
train_step 15450 batch loss_d {'emo_loss': 0.3924808} batch metric_d {'emo_acc': 0.90625} positive sum 9.0
train_step 15480 batch loss_d {'emo_loss': 0.20075643} batch metric_d {'emo_acc': 0.96875} positive sum 5.0
  dev set: metric_d {'emo_acc': 0.7239382243984914} loss_d {'emo_loss': 2.6129158358143565} global_e_acc 0.5019305019305019
    best_acc: 0.737291, best_acc_steps: 14000
    best_loss: 0.901811, best_loss_steps: 4500
  test set: metric_d {'emo_acc': 0.6793758060250964} loss_d {'emo_loss': 3.2026806598004227} global_e_acc 0.4092664092664093
  Duration: 17253.267269
train_step 15510 batch loss_d {'emo_loss': 0.20257957} batch metric_d {'emo_acc': 0.9375} positive sum 13.0
train_step 15540 batch loss_d {'emo_loss': 0.05840379} batch metric_d {'emo_acc': 1.0} positive sum 10.0
train_step 15570 batch loss_d {'emo_loss': 0.08874571} batch metric_d {'emo_acc': 1.0} positive sum 6.0
train_step 15600 batch loss_d {'emo_loss': 0.38377175} batch metric_d {'emo_acc': 0.90625} positive sum 8.0
train_step 15630 batch loss_d {'emo_loss': 0.119531676} batch metric_d {'emo_acc': 1.0} positive sum 9.0
train_step 15660 batch loss_d {'emo_loss': 0.038678005} batch metric_d {'emo_acc': 1.0} positive sum 9.0
train_step 15690 batch loss_d {'emo_loss': 0.017095618} batch metric_d {'emo_acc': 1.0} positive sum 9.0
train_step 15720 batch loss_d {'emo_loss': 0.052186705} batch metric_d {'emo_acc': 1.0} positive sum 13.0
train_step 15750 batch loss_d {'emo_loss': 0.14016321} batch metric_d {'emo_acc': 1.0} positive sum 12.0
train_step 15780 batch loss_d {'emo_loss': 0.11599796} batch metric_d {'emo_acc': 0.9375} positive sum 15.0
train_step 15810 batch loss_d {'emo_loss': 1.1913816} batch metric_d {'emo_acc': 0.9375} positive sum 10.0
train_step 15840 batch loss_d {'emo_loss': 0.09553729} batch metric_d {'emo_acc': 0.9375} positive sum 14.0
train_step 15870 batch loss_d {'emo_loss': 0.054159492} batch metric_d {'emo_acc': 1.0} positive sum 10.0
train_step 15900 batch loss_d {'emo_loss': 0.732793} batch metric_d {'emo_acc': 0.84375} positive sum 7.0
train_step 15930 batch loss_d {'emo_loss': 0.113543674} batch metric_d {'emo_acc': 1.0} positive sum 11.0
train_step 15960 batch loss_d {'emo_loss': 0.24496192} batch metric_d {'emo_acc': 0.96875} positive sum 6.0
train_step 15990 batch loss_d {'emo_loss': 0.13815233} batch metric_d {'emo_acc': 0.9375} positive sum 8.0
  dev set: metric_d {'emo_acc': 0.7308558561627009} loss_d {'emo_loss': 2.388934127020049} global_e_acc 0.4671814671814672
    best_acc: 0.737291, best_acc_steps: 14000
    best_loss: 0.901811, best_loss_steps: 4500
  test set: metric_d {'emo_acc': 0.6938545682025232} loss_d {'emo_loss': 3.1480664952683286} global_e_acc 0.4092664092664093
  Duration: 17742.836643
train_step 16020 batch loss_d {'emo_loss': 0.093392484} batch metric_d {'emo_acc': 1.0} positive sum 11.0
train_step 16050 batch loss_d {'emo_loss': 0.839276} batch metric_d {'emo_acc': 0.9375} positive sum 9.0
train_step 16080 batch loss_d {'emo_loss': 0.082830295} batch metric_d {'emo_acc': 0.96875} positive sum 10.0
train_step 16110 batch loss_d {'emo_loss': 0.07513762} batch metric_d {'emo_acc': 0.96875} positive sum 7.0
train_step 16140 batch loss_d {'emo_loss': 0.11546846} batch metric_d {'emo_acc': 0.96875} positive sum 10.0
train_step 16170 batch loss_d {'emo_loss': 0.18368362} batch metric_d {'emo_acc': 0.96875} positive sum 10.0
train_step 16200 batch loss_d {'emo_loss': 0.40735608} batch metric_d {'emo_acc': 0.84375} positive sum 11.0
train_step 16230 batch loss_d {'emo_loss': 0.058311105} batch metric_d {'emo_acc': 1.0} positive sum 12.0
train_step 16260 batch loss_d {'emo_loss': 0.18812668} batch metric_d {'emo_acc': 0.90625} positive sum 9.0
train_step 16290 batch loss_d {'emo_loss': 0.09440424} batch metric_d {'emo_acc': 1.0} positive sum 8.0
train_step 16320 batch loss_d {'emo_loss': 0.03751282} batch metric_d {'emo_acc': 1.0} positive sum 4.0
train_step 16350 batch loss_d {'emo_loss': 0.16230606} batch metric_d {'emo_acc': 0.9375} positive sum 8.0
train_step 16380 batch loss_d {'emo_loss': 0.10770352} batch metric_d {'emo_acc': 0.96875} positive sum 12.0
train_step 16410 batch loss_d {'emo_loss': 0.039887648} batch metric_d {'emo_acc': 0.96875} positive sum 3.0
train_step 16440 batch loss_d {'emo_loss': 0.12120436} batch metric_d {'emo_acc': 1.0} positive sum 6.0
train_step 16470 batch loss_d {'emo_loss': 0.09649083} batch metric_d {'emo_acc': 1.0} positive sum 8.0
  dev set: metric_d {'emo_acc': 0.7171814685622697} loss_d {'emo_loss': 2.8688184119534057} global_e_acc 0.4594594594594595
    best_acc: 0.737291, best_acc_steps: 14000
    best_loss: 0.901811, best_loss_steps: 4500
  test set: metric_d {'emo_acc': 0.6784105539091766} loss_d {'emo_loss': 3.5913487233277266} global_e_acc 0.38996138996138996
  Duration: 18236.522032
train_step 16500 batch loss_d {'emo_loss': 0.0993394} batch metric_d {'emo_acc': 0.96875} positive sum 9.0
train_step 16530 batch loss_d {'emo_loss': 0.07661145} batch metric_d {'emo_acc': 1.0} positive sum 11.0
train_step 16560 batch loss_d {'emo_loss': 0.76184297} batch metric_d {'emo_acc': 0.9375} positive sum 6.0
train_step 16590 batch loss_d {'emo_loss': 0.06580806} batch metric_d {'emo_acc': 1.0} positive sum 11.0
train_step 16620 batch loss_d {'emo_loss': 0.1644145} batch metric_d {'emo_acc': 1.0} positive sum 6.0
train_step 16650 batch loss_d {'emo_loss': 0.60732794} batch metric_d {'emo_acc': 0.90625} positive sum 8.0
train_step 16680 batch loss_d {'emo_loss': 0.12881772} batch metric_d {'emo_acc': 0.9375} positive sum 7.0
train_step 16710 batch loss_d {'emo_loss': 0.19062054} batch metric_d {'emo_acc': 0.96875} positive sum 8.0
train_step 16740 batch loss_d {'emo_loss': 0.062126268} batch metric_d {'emo_acc': 1.0} positive sum 5.0
train_step 16770 batch loss_d {'emo_loss': 0.07061748} batch metric_d {'emo_acc': 1.0} positive sum 12.0
train_step 16800 batch loss_d {'emo_loss': 0.97232175} batch metric_d {'emo_acc': 0.84375} positive sum 8.0
train_step 16830 batch loss_d {'emo_loss': 0.16071019} batch metric_d {'emo_acc': 0.96875} positive sum 7.0
train_step 16860 batch loss_d {'emo_loss': 0.08252374} batch metric_d {'emo_acc': 0.96875} positive sum 9.0
train_step 16890 batch loss_d {'emo_loss': 0.17967334} batch metric_d {'emo_acc': 0.9375} positive sum 9.0
train_step 16920 batch loss_d {'emo_loss': 0.124926716} batch metric_d {'emo_acc': 0.9375} positive sum 7.0
train_step 16950 batch loss_d {'emo_loss': 0.30172879} batch metric_d {'emo_acc': 0.9375} positive sum 7.0
train_step 16980 batch loss_d {'emo_loss': 0.023908457} batch metric_d {'emo_acc': 1.0} positive sum 8.0
  dev set: metric_d {'emo_acc': 0.7377734874666427} loss_d {'emo_loss': 2.796428404744844} global_e_acc 0.5019305019305019
    best_acc: 0.737773, best_acc_steps: 17000
    best_loss: 0.901811, best_loss_steps: 4500
  test set: metric_d {'emo_acc': 0.6959459458308791} loss_d {'emo_loss': 3.9255629503761478} global_e_acc 0.3938223938223938
  Duration: 18776.290104
train_step 17010 batch loss_d {'emo_loss': 0.073146306} batch metric_d {'emo_acc': 1.0} positive sum 14.0
train_step 17040 batch loss_d {'emo_loss': 0.06870254} batch metric_d {'emo_acc': 1.0} positive sum 8.0
train_step 17070 batch loss_d {'emo_loss': 0.049295105} batch metric_d {'emo_acc': 1.0} positive sum 15.0
train_step 17100 batch loss_d {'emo_loss': 0.12820578} batch metric_d {'emo_acc': 0.9375} positive sum 8.0
train_step 17130 batch loss_d {'emo_loss': 0.12888525} batch metric_d {'emo_acc': 0.96875} positive sum 10.0
train_step 17160 batch loss_d {'emo_loss': 0.061026223} batch metric_d {'emo_acc': 1.0} positive sum 6.0
train_step 17190 batch loss_d {'emo_loss': 0.09922704} batch metric_d {'emo_acc': 0.96875} positive sum 8.0
train_step 17220 batch loss_d {'emo_loss': 0.018274345} batch metric_d {'emo_acc': 1.0} positive sum 17.0
train_step 17250 batch loss_d {'emo_loss': 0.06450769} batch metric_d {'emo_acc': 0.96875} positive sum 8.0
train_step 17280 batch loss_d {'emo_loss': 0.011870425} batch metric_d {'emo_acc': 1.0} positive sum 9.0
train_step 17310